Using pre-set license
Built from '2021.2/staging' branch; Version is '2021.2.8f1 (d0e5f0a7b06a) revision 13690352'; Using compiler version '192829333'; Build Type 'Release'
OS: 'Windows 11  (10.0.22000) 64bit Core' Language: 'en' Physical Memory: 16257 MB
BatchMode: 1, IsHumanControllingUs: 0, StartBugReporterOnCrash: 0, Is64bit: 1, IsPro: 0

COMMAND LINE ARGUMENTS:
C:\Program Files\Unity\Hub\Editor\2021.2.8f1\Editor\Unity.exe
-adb2
-batchMode
-noUpm
-name
AssetImportWorker4
-projectPath
C:/Users/mhmdb/OneDrive/Desktop/CSC458/Project 1/CSC458_Project1/Project
-logFile
Logs/AssetImportWorker4.log
-srvPort
54748
Successfully changed project path to: C:/Users/mhmdb/OneDrive/Desktop/CSC458/Project 1/CSC458_Project1/Project
C:/Users/mhmdb/OneDrive/Desktop/CSC458/Project 1/CSC458_Project1/Project
[UnityMemory] Configuration Parameters - Can be set up in boot.config
    "memorysetup-bucket-allocator-granularity=16"
    "memorysetup-bucket-allocator-bucket-count=8"
    "memorysetup-bucket-allocator-block-size=33554432"
    "memorysetup-bucket-allocator-block-count=8"
    "memorysetup-main-allocator-block-size=16777216"
    "memorysetup-thread-allocator-block-size=16777216"
    "memorysetup-gfx-main-allocator-block-size=16777216"
    "memorysetup-gfx-thread-allocator-block-size=16777216"
    "memorysetup-cache-allocator-block-size=4194304"
    "memorysetup-typetree-allocator-block-size=2097152"
    "memorysetup-profiler-bucket-allocator-granularity=16"
    "memorysetup-profiler-bucket-allocator-bucket-count=8"
    "memorysetup-profiler-bucket-allocator-block-size=33554432"
    "memorysetup-profiler-bucket-allocator-block-count=8"
    "memorysetup-profiler-allocator-block-size=16777216"
    "memorysetup-profiler-editor-allocator-block-size=1048576"
    "memorysetup-temp-allocator-size-main=16777216"
    "memorysetup-job-temp-allocator-block-size=2097152"
    "memorysetup-job-temp-allocator-block-size-background=1048576"
    "memorysetup-job-temp-allocator-reduction-small-platforms=262144"
    "memorysetup-temp-allocator-size-background-worker=32768"
    "memorysetup-temp-allocator-size-job-worker=262144"
    "memorysetup-temp-allocator-size-preload-manager=33554432"
    "memorysetup-temp-allocator-size-nav-mesh-worker=65536"
    "memorysetup-temp-allocator-size-audio-worker=65536"
    "memorysetup-temp-allocator-size-cloud-worker=32768"
    "memorysetup-temp-allocator-size-gi-baking-worker=262144"
    "memorysetup-temp-allocator-size-gfx=262144"
Refreshing native plugins compatible for Editor in 73.96 ms, found 3 plugins.
Preloading 0 native plugins for Editor in 0.00 ms.
Initialize engine version: 2021.2.8f1 (d0e5f0a7b06a)
[Subsystems] Discovering subsystems at path C:/Program Files/Unity/Hub/Editor/2021.2.8f1/Editor/Data/Resources/UnitySubsystems
[Subsystems] Discovering subsystems at path C:/Users/mhmdb/OneDrive/Desktop/CSC458/Project 1/CSC458_Project1/Project/Assets
GfxDevice: creating device client; threaded=0; jobified=0
Direct3D:
    Version:  Direct3D 11.0 [level 11.1]
    Renderer: NVIDIA GeForce GTX 1060 (ID=0x1c20)
    Vendor:   NVIDIA
    VRAM:     6052 MB
    Driver:   30.0.14.7111
Initialize mono
Mono path[0] = 'C:/Program Files/Unity/Hub/Editor/2021.2.8f1/Editor/Data/Managed'
Mono path[1] = 'C:/Program Files/Unity/Hub/Editor/2021.2.8f1/Editor/Data/MonoBleedingEdge/lib/mono/unityjit-win32'
Mono config path = 'C:/Program Files/Unity/Hub/Editor/2021.2.8f1/Editor/Data/MonoBleedingEdge/etc'
Using monoOptions --debugger-agent=transport=dt_socket,embedding=1,server=y,suspend=n,address=127.0.0.1:56992
Begin MonoManager ReloadAssembly
Registering precompiled unity dll's ...
Register platform support module: C:/Program Files/Unity/Hub/Editor/2021.2.8f1/Editor/Data/PlaybackEngines/WindowsStandaloneSupport/UnityEditor.WindowsStandalone.Extensions.dll
Registered in 0.004590 seconds.
Native extension for WindowsStandalone target not found
Refreshing native plugins compatible for Editor in 82.23 ms, found 3 plugins.
Preloading 0 native plugins for Editor in 0.00 ms.
Mono: successfully reloaded assembly
- Completed reload, in  0.746 seconds
Domain Reload Profiling:
	ReloadAssembly (746ms)
		BeginReloadAssembly (70ms)
			ExecutionOrderSort (0ms)
			DisableScriptedObjects (0ms)
			BackupInstance (0ms)
			ReleaseScriptingObjects (0ms)
			CreateAndSetChildDomain (1ms)
		EndReloadAssembly (597ms)
			LoadAssemblies (69ms)
			RebuildTransferFunctionScriptingTraits (0ms)
			SetupTypeCache (104ms)
			ReleaseScriptCaches (0ms)
			RebuildScriptCaches (35ms)
			SetupLoadedEditorAssemblies (401ms)
				LogAssemblyErrors (0ms)
				InitializePlatformSupportModulesInManaged (18ms)
				SetLoadedEditorAssemblies (0ms)
				RefreshPlugins (82ms)
				BeforeProcessingInitializeOnLoad (2ms)
				ProcessInitializeOnLoadAttributes (248ms)
				ProcessInitializeOnLoadMethodAttributes (51ms)
				AfterProcessingInitializeOnLoad (0ms)
				EditorAssembliesLoaded (0ms)
			ExecutionOrderSort2 (0ms)
			AwakeInstancesAfterBackupRestoration (0ms)
Platform modules already initialized, skipping
Registering precompiled user dll's ...
Registered in 0.005707 seconds.
Begin MonoManager ReloadAssembly
Symbol file LoadedFromMemory doesn't match image C:\Users\mhmdb\OneDrive\Desktop\CSC458\Project 1\CSC458_Project1\Project\Library\PackageCache\com.unity.visualscripting@1.7.6\Editor\VisualScripting.Core\Dependencies\YamlDotNet\Unity.VisualScripting.YamlDotNet.dll
Symbol file LoadedFromMemory doesn't match image C:\Users\mhmdb\OneDrive\Desktop\CSC458\Project 1\CSC458_Project1\Project\Library\PackageCache\com.unity.visualscripting@1.7.6\Editor\VisualScripting.Core\Dependencies\DotNetZip\Unity.VisualScripting.IonicZip.dll
Native extension for WindowsStandalone target not found
Refreshing native plugins compatible for Editor in 71.88 ms, found 3 plugins.
Preloading 0 native plugins for Editor in 0.00 ms.
Mono: successfully reloaded assembly
- Completed reload, in  1.239 seconds
Domain Reload Profiling:
	ReloadAssembly (1240ms)
		BeginReloadAssembly (107ms)
			ExecutionOrderSort (0ms)
			DisableScriptedObjects (6ms)
			BackupInstance (0ms)
			ReleaseScriptingObjects (0ms)
			CreateAndSetChildDomain (20ms)
		EndReloadAssembly (1037ms)
			LoadAssemblies (72ms)
			RebuildTransferFunctionScriptingTraits (0ms)
			SetupTypeCache (286ms)
			ReleaseScriptCaches (1ms)
			RebuildScriptCaches (85ms)
			SetupLoadedEditorAssemblies (513ms)
				LogAssemblyErrors (0ms)
				InitializePlatformSupportModulesInManaged (11ms)
				SetLoadedEditorAssemblies (0ms)
				RefreshPlugins (72ms)
				BeforeProcessingInitializeOnLoad (79ms)
				ProcessInitializeOnLoadAttributes (324ms)
				ProcessInitializeOnLoadMethodAttributes (20ms)
				AfterProcessingInitializeOnLoad (6ms)
				EditorAssembliesLoaded (0ms)
			ExecutionOrderSort2 (0ms)
			AwakeInstancesAfterBackupRestoration (6ms)
Platform modules already initialized, skipping
========================================================================
Worker process is ready to serve import requests
Launched and connected shader compiler UnityShaderCompiler.exe after 0.09 seconds
Refreshing native plugins compatible for Editor in 0.57 ms, found 3 plugins.
Preloading 0 native plugins for Editor in 0.00 ms.
Unloading 3412 Unused Serialized files (Serialized files now loaded: 0)
Unloading 46 unused Assets / (1.5 MB). Loaded Objects now: 3889.
Memory consumption went from 138.7 MB to 137.2 MB.
Total: 3.687600 ms (FindLiveObjects: 0.284500 ms CreateObjectMapping: 0.194800 ms MarkObjects: 2.895800 ms  DeleteObjects: 0.310900 ms)

AssetImportParameters requested are different than current active one (requested -> active):
  custom:video-decoder-ogg-theora: a1e56fd34408186e4bbccfd4996cb3dc -> 
  custom:container-muxer-webm: aa71ff27fc2769a1b78a27578f13a17b -> 
  custom:container-demuxer-webm: 4f35f7cbe854078d1ac9338744f61a02 -> 
  custom:video-encoder-webm-vp8: eb34c28f22e8b96e1ab97ce403110664 -> 
  custom:video-codec-MediaFoundation-h265: 746d11721c4dcdbdad8f713fa42b33f4 -> 
  custom:audio-encoder-webm-vorbis: bf7c407c2cedff20999df2af8eb42d56 -> 
  custom:framework-win-MediaFoundation: 216162199b28c13a410421893ffa2e32 -> 
  custom:container-demuxer-ogg: 62fdf1f143b41e24485cea50d1cbac27 -> 
  custom:video-decoder-webm-vp8: 9c59270c3fd7afecdb556c50c9e8de78 -> 
  custom:audio-decoder-ogg-vorbis: bf7c407c2cedff20999df2af8eb42d56 -> 
========================================================================
Received Import Request.
  Time since last request: 93474.351576 seconds.
  path: Assets/Prefabs 1
  artifactKey: Guid(4883685d74f084286a09417f818f93f9) Importer(815301076,1909f56bfc062723c751e8b465ee728b)
Start importing Assets/Prefabs 1 using Guid(4883685d74f084286a09417f818f93f9) Importer(815301076,1909f56bfc062723c751e8b465ee728b)  -> (artifact id: 'bd9400e8fbffb78d81076dc2e3b22108') in 0.017635 seconds 
========================================================================
Received Import Request.
  Time since last request: 0.037557 seconds.
  path: Assets/Prefabs 1/bloodEffectParticlePrefab_melee.prefab
  artifactKey: Guid(ffbf169ab9dcfdc45ae14010bc82a6b2) Importer(815301076,1909f56bfc062723c751e8b465ee728b)
Start importing Assets/Prefabs 1/bloodEffectParticlePrefab_melee.prefab using Guid(ffbf169ab9dcfdc45ae14010bc82a6b2) Importer(815301076,1909f56bfc062723c751e8b465ee728b)  -> (artifact id: '4f3099fb372524184c62febb9b31890f') in 0.169207 seconds 
========================================================================
Received Import Request.
  Time since last request: 4.067716 seconds.
  path: Assets/Zombie/Prefabs
  artifactKey: Guid(62092c25312055548a5b415184883759) Importer(815301076,1909f56bfc062723c751e8b465ee728b)
Start importing Assets/Zombie/Prefabs using Guid(62092c25312055548a5b415184883759) Importer(815301076,1909f56bfc062723c751e8b465ee728b)  -> (artifact id: 'e6799e67b6458fd8802e0645075f9819') in 0.013440 seconds 
========================================================================
Received Import Request.
  Time since last request: 0.029970 seconds.
  path: Assets/Zombie/Prefabs/Zombie1.prefab
  artifactKey: Guid(5fdace7886db8fe43a09ccec315bd9b0) Importer(815301076,1909f56bfc062723c751e8b465ee728b)
Start importing Assets/Zombie/Prefabs/Zombie1.prefab using Guid(5fdace7886db8fe43a09ccec315bd9b0) Importer(815301076,1909f56bfc062723c751e8b465ee728b)  -> (artifact id: '311ae1c34d67b8d68e4dbd536932782a') in 0.110058 seconds 
========================================================================
Received Import Request.
  Time since last request: 31.412607 seconds.
  path: Assets/Scenes/Map
  artifactKey: Guid(bd10c5709eb94e94ba6f77eb6193a1a4) Importer(815301076,1909f56bfc062723c751e8b465ee728b)
Start importing Assets/Scenes/Map using Guid(bd10c5709eb94e94ba6f77eb6193a1a4) Importer(815301076,1909f56bfc062723c751e8b465ee728b)  -> (artifact id: 'db04c693fd6ce2cc6ee441e8424fd7e0') in 0.012066 seconds 
========================================================================
Received Import Request.
  Time since last request: 0.075444 seconds.
  path: Assets/Scenes/Map/NavMesh.asset
  artifactKey: Guid(05464e7bf5c519a44b842e300e0ecd29) Importer(815301076,1909f56bfc062723c751e8b465ee728b)
Start importing Assets/Scenes/Map/NavMesh.asset using Guid(05464e7bf5c519a44b842e300e0ecd29) Importer(815301076,1909f56bfc062723c751e8b465ee728b)  -> (artifact id: 'b87d9e7cdd6dcb2e6ad8c6ca1f6b48d7') in 0.012064 seconds 
========================================================================
Received Import Request.
  Time since last request: 14.453800 seconds.
  path: Assets/New Terrain.asset
  artifactKey: Guid(2aa012d0e88f0db4f9233c53a2e03414) Importer(815301076,1909f56bfc062723c751e8b465ee728b)
Start importing Assets/New Terrain.asset using Guid(2aa012d0e88f0db4f9233c53a2e03414) Importer(815301076,1909f56bfc062723c751e8b465ee728b)  -> (artifact id: 'f815cca3728d20cc69092a52671f9b02') in 0.010486 seconds 
