Using pre-set license
Built from '2021.2/staging' branch; Version is '2021.2.8f1 (d0e5f0a7b06a) revision 13690352'; Using compiler version '192829333'; Build Type 'Release'
OS: 'Windows 11  (10.0.22000) 64bit Core' Language: 'en' Physical Memory: 16257 MB
BatchMode: 1, IsHumanControllingUs: 0, StartBugReporterOnCrash: 0, Is64bit: 1, IsPro: 0

COMMAND LINE ARGUMENTS:
C:\Program Files\Unity\Hub\Editor\2021.2.8f1\Editor\Unity.exe
-adb2
-batchMode
-noUpm
-name
AssetImportWorker2
-projectPath
C:/Users/mhmdb/OneDrive/Desktop/CSC458/Project 1/CSC458_Project1/Project
-logFile
Logs/AssetImportWorker2.log
-srvPort
53246
Successfully changed project path to: C:/Users/mhmdb/OneDrive/Desktop/CSC458/Project 1/CSC458_Project1/Project
C:/Users/mhmdb/OneDrive/Desktop/CSC458/Project 1/CSC458_Project1/Project
[UnityMemory] Configuration Parameters - Can be set up in boot.config
    "memorysetup-bucket-allocator-granularity=16"
    "memorysetup-bucket-allocator-bucket-count=8"
    "memorysetup-bucket-allocator-block-size=33554432"
    "memorysetup-bucket-allocator-block-count=8"
    "memorysetup-main-allocator-block-size=16777216"
    "memorysetup-thread-allocator-block-size=16777216"
    "memorysetup-gfx-main-allocator-block-size=16777216"
    "memorysetup-gfx-thread-allocator-block-size=16777216"
    "memorysetup-cache-allocator-block-size=4194304"
    "memorysetup-typetree-allocator-block-size=2097152"
    "memorysetup-profiler-bucket-allocator-granularity=16"
    "memorysetup-profiler-bucket-allocator-bucket-count=8"
    "memorysetup-profiler-bucket-allocator-block-size=33554432"
    "memorysetup-profiler-bucket-allocator-block-count=8"
    "memorysetup-profiler-allocator-block-size=16777216"
    "memorysetup-profiler-editor-allocator-block-size=1048576"
    "memorysetup-temp-allocator-size-main=16777216"
    "memorysetup-job-temp-allocator-block-size=2097152"
    "memorysetup-job-temp-allocator-block-size-background=1048576"
    "memorysetup-job-temp-allocator-reduction-small-platforms=262144"
    "memorysetup-temp-allocator-size-background-worker=32768"
    "memorysetup-temp-allocator-size-job-worker=262144"
    "memorysetup-temp-allocator-size-preload-manager=33554432"
    "memorysetup-temp-allocator-size-nav-mesh-worker=65536"
    "memorysetup-temp-allocator-size-audio-worker=65536"
    "memorysetup-temp-allocator-size-cloud-worker=32768"
    "memorysetup-temp-allocator-size-gi-baking-worker=262144"
    "memorysetup-temp-allocator-size-gfx=262144"
Refreshing native plugins compatible for Editor in 119.93 ms, found 3 plugins.
Preloading 0 native plugins for Editor in 0.00 ms.
Initialize engine version: 2021.2.8f1 (d0e5f0a7b06a)
[Subsystems] Discovering subsystems at path C:/Program Files/Unity/Hub/Editor/2021.2.8f1/Editor/Data/Resources/UnitySubsystems
[Subsystems] Discovering subsystems at path C:/Users/mhmdb/OneDrive/Desktop/CSC458/Project 1/CSC458_Project1/Project/Assets
GfxDevice: creating device client; threaded=0; jobified=0
Direct3D:
    Version:  Direct3D 11.0 [level 11.1]
    Renderer: NVIDIA GeForce GTX 1060 (ID=0x1c20)
    Vendor:   NVIDIA
    VRAM:     6052 MB
    Driver:   30.0.14.7111
Initialize mono
Mono path[0] = 'C:/Program Files/Unity/Hub/Editor/2021.2.8f1/Editor/Data/Managed'
Mono path[1] = 'C:/Program Files/Unity/Hub/Editor/2021.2.8f1/Editor/Data/MonoBleedingEdge/lib/mono/unityjit-win32'
Mono config path = 'C:/Program Files/Unity/Hub/Editor/2021.2.8f1/Editor/Data/MonoBleedingEdge/etc'
Using monoOptions --debugger-agent=transport=dt_socket,embedding=1,server=y,suspend=n,address=127.0.0.1:56752
Begin MonoManager ReloadAssembly
Registering precompiled unity dll's ...
Register platform support module: C:/Program Files/Unity/Hub/Editor/2021.2.8f1/Editor/Data/PlaybackEngines/WindowsStandaloneSupport/UnityEditor.WindowsStandalone.Extensions.dll
Registered in 0.013143 seconds.
Native extension for WindowsStandalone target not found
Refreshing native plugins compatible for Editor in 136.56 ms, found 3 plugins.
Preloading 0 native plugins for Editor in 0.00 ms.
Mono: successfully reloaded assembly
- Completed reload, in  1.181 seconds
Domain Reload Profiling:
	ReloadAssembly (1182ms)
		BeginReloadAssembly (158ms)
			ExecutionOrderSort (0ms)
			DisableScriptedObjects (0ms)
			BackupInstance (0ms)
			ReleaseScriptingObjects (0ms)
			CreateAndSetChildDomain (2ms)
		EndReloadAssembly (861ms)
			LoadAssemblies (154ms)
			RebuildTransferFunctionScriptingTraits (0ms)
			SetupTypeCache (206ms)
			ReleaseScriptCaches (0ms)
			RebuildScriptCaches (61ms)
			SetupLoadedEditorAssemblies (505ms)
				LogAssemblyErrors (0ms)
				InitializePlatformSupportModulesInManaged (26ms)
				SetLoadedEditorAssemblies (0ms)
				RefreshPlugins (137ms)
				BeforeProcessingInitializeOnLoad (2ms)
				ProcessInitializeOnLoadAttributes (249ms)
				ProcessInitializeOnLoadMethodAttributes (91ms)
				AfterProcessingInitializeOnLoad (0ms)
				EditorAssembliesLoaded (0ms)
			ExecutionOrderSort2 (0ms)
			AwakeInstancesAfterBackupRestoration (0ms)
Platform modules already initialized, skipping
Registering precompiled user dll's ...
Registered in 0.009384 seconds.
Begin MonoManager ReloadAssembly
Symbol file LoadedFromMemory doesn't match image C:\Users\mhmdb\OneDrive\Desktop\CSC458\Project 1\CSC458_Project1\Project\Library\PackageCache\com.unity.visualscripting@1.7.6\Editor\VisualScripting.Core\Dependencies\YamlDotNet\Unity.VisualScripting.YamlDotNet.dll
Symbol file LoadedFromMemory doesn't match image C:\Users\mhmdb\OneDrive\Desktop\CSC458\Project 1\CSC458_Project1\Project\Library\PackageCache\com.unity.visualscripting@1.7.6\Editor\VisualScripting.Core\Dependencies\DotNetZip\Unity.VisualScripting.IonicZip.dll
Native extension for WindowsStandalone target not found
Refreshing native plugins compatible for Editor in 153.77 ms, found 3 plugins.
Preloading 0 native plugins for Editor in 0.00 ms.
Mono: successfully reloaded assembly
- Completed reload, in  2.615 seconds
Domain Reload Profiling:
	ReloadAssembly (2617ms)
		BeginReloadAssembly (191ms)
			ExecutionOrderSort (0ms)
			DisableScriptedObjects (9ms)
			BackupInstance (0ms)
			ReleaseScriptingObjects (0ms)
			CreateAndSetChildDomain (28ms)
		EndReloadAssembly (2214ms)
			LoadAssemblies (134ms)
			RebuildTransferFunctionScriptingTraits (0ms)
			SetupTypeCache (520ms)
			ReleaseScriptCaches (1ms)
			RebuildScriptCaches (147ms)
			SetupLoadedEditorAssemblies (1239ms)
				LogAssemblyErrors (0ms)
				InitializePlatformSupportModulesInManaged (20ms)
				SetLoadedEditorAssemblies (0ms)
				RefreshPlugins (154ms)
				BeforeProcessingInitializeOnLoad (181ms)
				ProcessInitializeOnLoadAttributes (794ms)
				ProcessInitializeOnLoadMethodAttributes (70ms)
				AfterProcessingInitializeOnLoad (19ms)
				EditorAssembliesLoaded (0ms)
			ExecutionOrderSort2 (0ms)
			AwakeInstancesAfterBackupRestoration (22ms)
Platform modules already initialized, skipping
========================================================================
Worker process is ready to serve import requests
Launched and connected shader compiler UnityShaderCompiler.exe after 0.17 seconds
Refreshing native plugins compatible for Editor in 1.10 ms, found 3 plugins.
Preloading 0 native plugins for Editor in 0.00 ms.
Unloading 3464 Unused Serialized files (Serialized files now loaded: 0)
Unloading 47 unused Assets / (1.5 MB). Loaded Objects now: 3921.
Memory consumption went from 132.0 MB to 130.5 MB.
Total: 6.079200 ms (FindLiveObjects: 0.401900 ms CreateObjectMapping: 0.330200 ms MarkObjects: 4.913200 ms  DeleteObjects: 0.431900 ms)

AssetImportParameters requested are different than current active one (requested -> active):
  custom:video-decoder-ogg-theora: a1e56fd34408186e4bbccfd4996cb3dc -> 
  custom:container-muxer-webm: aa71ff27fc2769a1b78a27578f13a17b -> 
  custom:container-demuxer-webm: 4f35f7cbe854078d1ac9338744f61a02 -> 
  custom:video-encoder-webm-vp8: eb34c28f22e8b96e1ab97ce403110664 -> 
  custom:video-codec-MediaFoundation-h265: 746d11721c4dcdbdad8f713fa42b33f4 -> 
  custom:audio-encoder-webm-vorbis: bf7c407c2cedff20999df2af8eb42d56 -> 
  custom:framework-win-MediaFoundation: 216162199b28c13a410421893ffa2e32 -> 
  custom:container-demuxer-ogg: 62fdf1f143b41e24485cea50d1cbac27 -> 
  custom:video-decoder-webm-vp8: 9c59270c3fd7afecdb556c50c9e8de78 -> 
  custom:audio-decoder-ogg-vorbis: bf7c407c2cedff20999df2af8eb42d56 -> 
========================================================================
Received Import Request.
  Time since last request: 746761.223511 seconds.
  path: Assets/NewLayer 1.terrainlayer
  artifactKey: Guid(852cea1658c0da04e9715008287c34b4) Importer(815301076,1909f56bfc062723c751e8b465ee728b)
Start importing Assets/NewLayer 1.terrainlayer using Guid(852cea1658c0da04e9715008287c34b4) Importer(815301076,1909f56bfc062723c751e8b465ee728b)  -> (artifact id: '5c699b4e336418d7c2e3bc5e4eb6e8b1') in 0.213583 seconds 
========================================================================
Received Import Request.
  Time since last request: 0.000053 seconds.
  path: Assets/New Terrain.asset
  artifactKey: Guid(2aa012d0e88f0db4f9233c53a2e03414) Importer(815301076,1909f56bfc062723c751e8b465ee728b)
Start importing Assets/New Terrain.asset using Guid(2aa012d0e88f0db4f9233c53a2e03414) Importer(815301076,1909f56bfc062723c751e8b465ee728b)  -> (artifact id: '613678e3d721ddb12e693b70b2948bbe') in 0.058868 seconds 
========================================================================
Received Import Request.
  Time since last request: 0.000069 seconds.
  path: Assets/NewLayer 2.terrainlayer
  artifactKey: Guid(b9bc2671d5b99414b8cba11b259e39fd) Importer(815301076,1909f56bfc062723c751e8b465ee728b)
Start importing Assets/NewLayer 2.terrainlayer using Guid(b9bc2671d5b99414b8cba11b259e39fd) Importer(815301076,1909f56bfc062723c751e8b465ee728b)  -> (artifact id: 'c585cab4a0a3f5d97ef8bc70acd54d06') in 0.038719 seconds 
========================================================================
Received Import Request.
  Time since last request: 0.000043 seconds.
  path: Assets/New Terrain 1.asset
  artifactKey: Guid(86aa543c5d2753c4e867811cec9d1363) Importer(815301076,1909f56bfc062723c751e8b465ee728b)
Start importing Assets/New Terrain 1.asset using Guid(86aa543c5d2753c4e867811cec9d1363) Importer(815301076,1909f56bfc062723c751e8b465ee728b) 

 -> (artifact id: '4bae82e66acb9293f094ac1e99a93446') in 0.157110 seconds 
========================================================================
Received Import Request.
  Time since last request: 0.000038 seconds.
  path: Assets/NewLayer.terrainlayer
  artifactKey: Guid(a65a34b1a71ced74e961fcab40c280e2) Importer(815301076,1909f56bfc062723c751e8b465ee728b)
Start importing Assets/NewLayer.terrainlayer using Guid(a65a34b1a71ced74e961fcab40c280e2) Importer(815301076,1909f56bfc062723c751e8b465ee728b)  -> (artifact id: 'b1a173f1764de169ee197cee98d8ae39') in 0.025342 seconds 
========================================================================
Received Import Request.
  Time since last request: 0.000051 seconds.
  path: Assets/NewLayer 3.terrainlayer
  artifactKey: Guid(27fed6aae36024144876b006fbbceab5) Importer(815301076,1909f56bfc062723c751e8b465ee728b)
Start importing Assets/NewLayer 3.terrainlayer using Guid(27fed6aae36024144876b006fbbceab5) Importer(815301076,1909f56bfc062723c751e8b465ee728b)  -> (artifact id: '84f0d0c21b3054569cd300fccf4a4c6f') in 0.021683 seconds 
========================================================================
Received Import Request.
  Time since last request: 965.902976 seconds.
  path: Assets/Scenes
  artifactKey: Guid(6ea315d0fd7389c41b19996891e99ae3) Importer(815301076,1909f56bfc062723c751e8b465ee728b)
Start importing Assets/Scenes using Guid(6ea315d0fd7389c41b19996891e99ae3) Importer(815301076,1909f56bfc062723c751e8b465ee728b)  -> (artifact id: 'bc172811d573b296104adb4d2728db37') in 0.010954 seconds 
========================================================================
Received Import Request.
  Time since last request: 1.331052 seconds.
  path: Assets/Scenes/Map.unity
  artifactKey: Guid(bd7e42b2f14e3fa41895ef5cc7d3445b) Importer(815301076,1909f56bfc062723c751e8b465ee728b)
Start importing Assets/Scenes/Map.unity using Guid(bd7e42b2f14e3fa41895ef5cc7d3445b) Importer(815301076,1909f56bfc062723c751e8b465ee728b)  -> (artifact id: 'c9487cf2d80d2ba6545a5d8b6305068b') in 0.027128 seconds 
========================================================================
Received Import Request.
  Time since last request: 166.430971 seconds.
  path: Assets/Asset Packs
  artifactKey: Guid(c86831623e35fa24ab898af7cf3e4c6e) Importer(815301076,1909f56bfc062723c751e8b465ee728b)
Start importing Assets/Asset Packs using Guid(c86831623e35fa24ab898af7cf3e4c6e) Importer(815301076,1909f56bfc062723c751e8b465ee728b)  -> (artifact id: 'e34c9534e7008d7d5241b852d819928d') in 0.015813 seconds 
========================================================================
Received Import Request.
  Time since last request: 2.815561 seconds.
  path: Assets/Demo
  artifactKey: Guid(6b8ec10954bf541488d6b85b822b79cb) Importer(815301076,1909f56bfc062723c751e8b465ee728b)
Start importing Assets/Demo using Guid(6b8ec10954bf541488d6b85b822b79cb) Importer(815301076,1909f56bfc062723c751e8b465ee728b)  -> (artifact id: 'e40661f790910d88e903d339c623f804') in 0.023137 seconds 
========================================================================
Received Import Request.
  Time since last request: 1.155337 seconds.
  path: Assets/Demo/Demo.unity
  artifactKey: Guid(dc53816692f5af941a8302e55fd738d9) Importer(815301076,1909f56bfc062723c751e8b465ee728b)
Start importing Assets/Demo/Demo.unity using Guid(dc53816692f5af941a8302e55fd738d9) Importer(815301076,1909f56bfc062723c751e8b465ee728b)  -> (artifact id: 'be4238b835743ddc857a6780e77da9a7') in 0.034018 seconds 
========================================================================
Received Import Request.
  Time since last request: 9.188523 seconds.
  path: Assets/Demo/Low poly package
  artifactKey: Guid(408855fa5f661ae46a91ae12a849d02a) Importer(815301076,1909f56bfc062723c751e8b465ee728b)
Start importing Assets/Demo/Low poly package using Guid(408855fa5f661ae46a91ae12a849d02a) Importer(815301076,1909f56bfc062723c751e8b465ee728b)  -> (artifact id: '6551cc8468dcad853e0c1f21d88ee1c2') in 0.023283 seconds 
========================================================================
Received Import Request.
  Time since last request: 2.181532 seconds.
  path: Assets/Demo/Low poly package/Documentation
  artifactKey: Guid(1f2bd3d6a2454ad48884944575f167be) Importer(815301076,1909f56bfc062723c751e8b465ee728b)
Start importing Assets/Demo/Low poly package/Documentation using Guid(1f2bd3d6a2454ad48884944575f167be) Importer(815301076,1909f56bfc062723c751e8b465ee728b)  -> (artifact id: '364b8581c9263b3b58f8152a46a3753c') in 0.028644 seconds 
========================================================================
Received Import Request.
  Time since last request: 3.482281 seconds.
  path: Assets/Demo/Low poly package/Materials
  artifactKey: Guid(c57427e13d3dfbc4e89fb4e19cef26a2) Importer(815301076,1909f56bfc062723c751e8b465ee728b)
Start importing Assets/Demo/Low poly package/Materials using Guid(c57427e13d3dfbc4e89fb4e19cef26a2) Importer(815301076,1909f56bfc062723c751e8b465ee728b)  -> (artifact id: '8fdb3a61d3388b0b7b19456c7f61d3d3') in 0.029814 seconds 
========================================================================
Received Import Request.
  Time since last request: 0.075864 seconds.
  path: Assets/Demo/Low poly package/Materials/Pixel texture.mat
  artifactKey: Guid(58c820cafe0417c4f887a347e82c34a8) Importer(815301076,1909f56bfc062723c751e8b465ee728b)
Start importing Assets/Demo/Low poly package/Materials/Pixel texture.mat using Guid(58c820cafe0417c4f887a347e82c34a8) Importer(815301076,1909f56bfc062723c751e8b465ee728b)  -> (artifact id: '6bb2eea59f16b214a41facf7daa70704') in 0.208791 seconds 
========================================================================
Received Import Request.
  Time since last request: 1.867260 seconds.
  path: Assets/Demo/Low poly package/Meshes
  artifactKey: Guid(2972b038491877647a62f92b892fa95a) Importer(815301076,1909f56bfc062723c751e8b465ee728b)
Start importing Assets/Demo/Low poly package/Meshes using Guid(2972b038491877647a62f92b892fa95a) Importer(815301076,1909f56bfc062723c751e8b465ee728b)  -> (artifact id: '08cb18516712b8b8a882e7bcde7a7314') in 0.022600 seconds 
========================================================================
Received Import Request.
  Time since last request: 0.074830 seconds.
  path: Assets/Demo/Low poly package/Meshes/Bench.fbx
  artifactKey: Guid(78334f308fdf9374fa59df5b351c8d69) Importer(815301076,1909f56bfc062723c751e8b465ee728b)
Start importing Assets/Demo/Low poly package/Meshes/Bench.fbx using Guid(78334f308fdf9374fa59df5b351c8d69) Importer(815301076,1909f56bfc062723c751e8b465ee728b)  -> (artifact id: '780083d2e1b551a273e11651a7f9676c') in 0.662188 seconds 
========================================================================
Received Import Request.
  Time since last request: 0.000030 seconds.
  path: Assets/Demo/Low poly package/Meshes/Mushroom 1.fbx
  artifactKey: Guid(764990bfa90823e46ab52167ead44b26) Importer(815301076,1909f56bfc062723c751e8b465ee728b)
Start importing Assets/Demo/Low poly package/Meshes/Mushroom 1.fbx using Guid(764990bfa90823e46ab52167ead44b26) Importer(815301076,1909f56bfc062723c751e8b465ee728b)  -> (artifact id: '7587b66f387fc614f66d8b77e7cef800') in 0.034603 seconds 
========================================================================
Received Import Request.
  Time since last request: 0.000051 seconds.
  path: Assets/Demo/Low poly package/Meshes/Mine Cave.fbx
  artifactKey: Guid(c109abd460d660040b18f60d14649503) Importer(815301076,1909f56bfc062723c751e8b465ee728b)
Start importing Assets/Demo/Low poly package/Meshes/Mine Cave.fbx using Guid(c109abd460d660040b18f60d14649503) Importer(815301076,1909f56bfc062723c751e8b465ee728b)  -> (artifact id: 'fb2cca8621cd26af0538288e12d6b54a') in 0.036052 seconds 
========================================================================
Received Import Request.
  Time since last request: 0.000033 seconds.
  path: Assets/Demo/Low poly package/Meshes/Grass 1.fbx
  artifactKey: Guid(8b2566c511278ed4bb833631a83a0ea1) Importer(815301076,1909f56bfc062723c751e8b465ee728b)
Start importing Assets/Demo/Low poly package/Meshes/Grass 1.fbx using Guid(8b2566c511278ed4bb833631a83a0ea1) Importer(815301076,1909f56bfc062723c751e8b465ee728b)  -> (artifact id: 'b9e2d78fdc68df1425d2bbabfdc79db8') in 0.084143 seconds 
========================================================================
Received Import Request.
  Time since last request: 0.000055 seconds.
  path: Assets/Demo/Low poly package/Meshes/Tulip3.fbx
  artifactKey: Guid(4a0fbe32bbd1e5c4fa2f4c92f3325d72) Importer(815301076,1909f56bfc062723c751e8b465ee728b)
Start importing Assets/Demo/Low poly package/Meshes/Tulip3.fbx using Guid(4a0fbe32bbd1e5c4fa2f4c92f3325d72) Importer(815301076,1909f56bfc062723c751e8b465ee728b)  -> (artifact id: '735dc5457a696f78c52a4b68944d15a3') in 0.063027 seconds 
========================================================================
Received Import Request.
  Time since last request: 0.000066 seconds.
  path: Assets/Demo/Low poly package/Meshes/Tree 4.fbx
  artifactKey: Guid(780a5a83582857c4c91f685e71c2bd48) Importer(815301076,1909f56bfc062723c751e8b465ee728b)
Start importing Assets/Demo/Low poly package/Meshes/Tree 4.fbx using Guid(780a5a83582857c4c91f685e71c2bd48) Importer(815301076,1909f56bfc062723c751e8b465ee728b)  -> (artifact id: '4ef3aa496e1037dfa560532154a4969e') in 0.069229 seconds 
========================================================================
Received Import Request.
  Time since last request: 0.000207 seconds.
  path: Assets/Demo/Low poly package/Meshes/Terrain big.fbx
  artifactKey: Guid(81970390e3db18749931b30f8adcf57d) Importer(815301076,1909f56bfc062723c751e8b465ee728b)
Start importing Assets/Demo/Low poly package/Meshes/Terrain big.fbx using Guid(81970390e3db18749931b30f8adcf57d) Importer(815301076,1909f56bfc062723c751e8b465ee728b)  -> (artifact id: 'e40b98fd1d3b8ce0961fbf368b4d5db7') in 1.212812 seconds 
========================================================================
Received Import Request.
  Time since last request: 0.000038 seconds.
  path: Assets/Demo/Low poly package/Meshes/Tulip1.fbx
  artifactKey: Guid(6c91a0b546da577499768b523efa079e) Importer(815301076,1909f56bfc062723c751e8b465ee728b)
Start importing Assets/Demo/Low poly package/Meshes/Tulip1.fbx using Guid(6c91a0b546da577499768b523efa079e) Importer(815301076,1909f56bfc062723c751e8b465ee728b)  -> (artifact id: '829f7f3aaea0a9d41d8f8e93a446a40b') in 0.033765 seconds 
========================================================================
Received Import Request.
  Time since last request: 0.000038 seconds.
  path: Assets/Demo/Low poly package/Meshes/Tulip2.fbx
  artifactKey: Guid(ce83659e5344d2946935ff306edcd042) Importer(815301076,1909f56bfc062723c751e8b465ee728b)
Start importing Assets/Demo/Low poly package/Meshes/Tulip2.fbx using Guid(ce83659e5344d2946935ff306edcd042) Importer(815301076,1909f56bfc062723c751e8b465ee728b)  -> (artifact id: '9d05f7c2cce89df2a0d75884fb04cf05') in 0.057530 seconds 
========================================================================
Received Import Request.
  Time since last request: 0.663923 seconds.
  path: Assets/Demo/Low poly package/Prefabs
  artifactKey: Guid(dad12d1511a220f468e137cfef1eaf65) Importer(815301076,1909f56bfc062723c751e8b465ee728b)
Start importing Assets/Demo/Low poly package/Prefabs using Guid(dad12d1511a220f468e137cfef1eaf65) Importer(815301076,1909f56bfc062723c751e8b465ee728b)  -> (artifact id: '85e6f2ac566160dce445bce2d68c113e') in 0.024367 seconds 
========================================================================
Received Import Request.
  Time since last request: 0.038728 seconds.
  path: Assets/Demo/Low poly package/Prefabs/Bench.prefab
  artifactKey: Guid(572f0eeb603db79488f927004aa1a82e) Importer(815301076,1909f56bfc062723c751e8b465ee728b)
Start importing Assets/Demo/Low poly package/Prefabs/Bench.prefab using Guid(572f0eeb603db79488f927004aa1a82e) Importer(815301076,1909f56bfc062723c751e8b465ee728b)  -> (artifact id: '709ed8f6aa1960ff9434e9343b12602e') in 0.052041 seconds 
========================================================================
Received Import Request.
  Time since last request: 0.000081 seconds.
  path: Assets/Demo/Low poly package/Prefabs/Mushroom 3.prefab
  artifactKey: Guid(bbee2f0c63751c14c967540bb7daf63e) Importer(815301076,1909f56bfc062723c751e8b465ee728b)
Start importing Assets/Demo/Low poly package/Prefabs/Mushroom 3.prefab using Guid(bbee2f0c63751c14c967540bb7daf63e) Importer(815301076,1909f56bfc062723c751e8b465ee728b)  -> (artifact id: 'f799d493c6903af1452f64082a95ef4c') in 0.062750 seconds 
========================================================================
Received Import Request.
  Time since last request: 0.000072 seconds.
  path: Assets/Demo/Low poly package/Prefabs/Rock 2.prefab
  artifactKey: Guid(0d9283dfb776492418f15d74e4900e1d) Importer(815301076,1909f56bfc062723c751e8b465ee728b)
Start importing Assets/Demo/Low poly package/Prefabs/Rock 2.prefab using Guid(0d9283dfb776492418f15d74e4900e1d) Importer(815301076,1909f56bfc062723c751e8b465ee728b)  -> (artifact id: '55ce99527efa7270fa59af644d7683d2') in 0.054130 seconds 
========================================================================
Received Import Request.
  Time since last request: 0.000052 seconds.
  path: Assets/Demo/Low poly package/Prefabs/Tree 4.prefab
  artifactKey: Guid(4bf15f79950b6ec42bfc09d6d42bcf07) Importer(815301076,1909f56bfc062723c751e8b465ee728b)
Start importing Assets/Demo/Low poly package/Prefabs/Tree 4.prefab using Guid(4bf15f79950b6ec42bfc09d6d42bcf07) Importer(815301076,1909f56bfc062723c751e8b465ee728b)  -> (artifact id: 'a82587c12cf1eec3f2d51a3dbe0de0d0') in 0.064245 seconds 
========================================================================
Received Import Request.
  Time since last request: 0.000070 seconds.
  path: Assets/Demo/Low poly package/Prefabs/Rail 1.prefab
  artifactKey: Guid(120c257e8b191234a8a0993618e6e473) Importer(815301076,1909f56bfc062723c751e8b465ee728b)
Start importing Assets/Demo/Low poly package/Prefabs/Rail 1.prefab using Guid(120c257e8b191234a8a0993618e6e473) Importer(815301076,1909f56bfc062723c751e8b465ee728b)  -> (artifact id: '9f3402947b4116bd7f2a5c4f42187fc0') in 0.025170 seconds 
========================================================================
Received Import Request.
  Time since last request: 0.000033 seconds.
  path: Assets/Demo/Low poly package/Prefabs/Mushroom 2.prefab
  artifactKey: Guid(94176c55b3dbb334280164c73dcae123) Importer(815301076,1909f56bfc062723c751e8b465ee728b)
Start importing Assets/Demo/Low poly package/Prefabs/Mushroom 2.prefab using Guid(94176c55b3dbb334280164c73dcae123) Importer(815301076,1909f56bfc062723c751e8b465ee728b)  -> (artifact id: '558fd2a411ddcad3ac0f7942b3253c25') in 0.021420 seconds 
========================================================================
Received Import Request.
  Time since last request: 0.000047 seconds.
  path: Assets/Demo/Low poly package/Prefabs/Rock 3.prefab
  artifactKey: Guid(0a1c87b46106f524783d116063b4bb54) Importer(815301076,1909f56bfc062723c751e8b465ee728b)
Start importing Assets/Demo/Low poly package/Prefabs/Rock 3.prefab using Guid(0a1c87b46106f524783d116063b4bb54) Importer(815301076,1909f56bfc062723c751e8b465ee728b)  -> (artifact id: '23cdffab0b4410a3eaa18e4016a98494') in 0.032057 seconds 
========================================================================
Received Import Request.
  Time since last request: 0.000035 seconds.
  path: Assets/Demo/Low poly package/Prefabs/Rock 1.prefab
  artifactKey: Guid(8838c5769d09e4c4bb271e773a76286e) Importer(815301076,1909f56bfc062723c751e8b465ee728b)
Start importing Assets/Demo/Low poly package/Prefabs/Rock 1.prefab using Guid(8838c5769d09e4c4bb271e773a76286e) Importer(815301076,1909f56bfc062723c751e8b465ee728b)  -> (artifact id: 'dfd6c0047d785a588f10f18e9df8c3e3') in 0.024809 seconds 
========================================================================
Received Import Request.
  Time since last request: 0.000034 seconds.
  path: Assets/Demo/Low poly package/Prefabs/Fence 2.prefab
  artifactKey: Guid(3a5c8eb23edd15348b90dca0f1c1f703) Importer(815301076,1909f56bfc062723c751e8b465ee728b)
Start importing Assets/Demo/Low poly package/Prefabs/Fence 2.prefab using Guid(3a5c8eb23edd15348b90dca0f1c1f703) Importer(815301076,1909f56bfc062723c751e8b465ee728b)  -> (artifact id: '668162243b3d9a612244aa398a7116b1') in 0.021869 seconds 
========================================================================
Received Import Request.
  Time since last request: 0.000044 seconds.
  path: Assets/Demo/Low poly package/Prefabs/Tulip1.prefab
  artifactKey: Guid(a419cebdd5578be40a48fffcf6a08d39) Importer(815301076,1909f56bfc062723c751e8b465ee728b)
Start importing Assets/Demo/Low poly package/Prefabs/Tulip1.prefab using Guid(a419cebdd5578be40a48fffcf6a08d39) Importer(815301076,1909f56bfc062723c751e8b465ee728b)  -> (artifact id: '60b16e4eec8001b49c9b96cda447bbf9') in 0.023848 seconds 
========================================================================
Received Import Request.
  Time since last request: 0.000032 seconds.
  path: Assets/Demo/Low poly package/Prefabs/Rail 3.prefab
  artifactKey: Guid(d1ad3ae28aed589469c5ef4d1b202f79) Importer(815301076,1909f56bfc062723c751e8b465ee728b)
Start importing Assets/Demo/Low poly package/Prefabs/Rail 3.prefab using Guid(d1ad3ae28aed589469c5ef4d1b202f79) Importer(815301076,1909f56bfc062723c751e8b465ee728b)  -> (artifact id: 'b10d91a7d23d26bd2023193e1c93cd48') in 0.021624 seconds 
========================================================================
Received Import Request.
  Time since last request: 0.000042 seconds.
  path: Assets/Demo/Low poly package/Prefabs/Tulip2.prefab
  artifactKey: Guid(d113baf4c531e324b98789ba0b59dcec) Importer(815301076,1909f56bfc062723c751e8b465ee728b)
Start importing Assets/Demo/Low poly package/Prefabs/Tulip2.prefab using Guid(d113baf4c531e324b98789ba0b59dcec) Importer(815301076,1909f56bfc062723c751e8b465ee728b)  -> (artifact id: 'af69a2e7dd49ead66a6eb724e884f8a2') in 0.022697 seconds 
========================================================================
Received Import Request.
  Time since last request: 0.000034 seconds.
  path: Assets/Demo/Low poly package/Prefabs/Mushroom 4.prefab
  artifactKey: Guid(00bb9f2192a29044489e072b9cbdc816) Importer(815301076,1909f56bfc062723c751e8b465ee728b)
Start importing Assets/Demo/Low poly package/Prefabs/Mushroom 4.prefab using Guid(00bb9f2192a29044489e072b9cbdc816) Importer(815301076,1909f56bfc062723c751e8b465ee728b)  -> (artifact id: 'f23fbd0d3d8d60826711936c9ce05023') in 0.027191 seconds 
========================================================================
Received Import Request.
  Time since last request: 0.000034 seconds.
  path: Assets/Demo/Low poly package/Prefabs/Rock 4.prefab
  artifactKey: Guid(14de40ad977c3054ab5f055c0e68ef9d) Importer(815301076,1909f56bfc062723c751e8b465ee728b)
Start importing Assets/Demo/Low poly package/Prefabs/Rock 4.prefab using Guid(14de40ad977c3054ab5f055c0e68ef9d) Importer(815301076,1909f56bfc062723c751e8b465ee728b)  -> (artifact id: '41ca62cdf6b25921f5782d951fe2077b') in 0.023706 seconds 
========================================================================
Received Import Request.
  Time since last request: 0.000026 seconds.
  path: Assets/Demo/Low poly package/Prefabs/House 3.prefab
  artifactKey: Guid(c65d7bcc5fd3524428b00aca7ef31f37) Importer(815301076,1909f56bfc062723c751e8b465ee728b)
Start importing Assets/Demo/Low poly package/Prefabs/House 3.prefab using Guid(c65d7bcc5fd3524428b00aca7ef31f37) Importer(815301076,1909f56bfc062723c751e8b465ee728b)  -> (artifact id: '5e9e9a6ec87c29b96bf2a98c2ea503f3') in 0.026073 seconds 
========================================================================
Received Import Request.
  Time since last request: 0.000025 seconds.
  path: Assets/Demo/Low poly package/Prefabs/House 1.prefab
  artifactKey: Guid(81c93149054ba124daa4f1fcbd976620) Importer(815301076,1909f56bfc062723c751e8b465ee728b)
Start importing Assets/Demo/Low poly package/Prefabs/House 1.prefab using Guid(81c93149054ba124daa4f1fcbd976620) Importer(815301076,1909f56bfc062723c751e8b465ee728b)  -> (artifact id: '930b61c9444cac24adf920dff6b9a499') in 0.024185 seconds 
========================================================================
Received Import Request.
  Time since last request: 0.000028 seconds.
  path: Assets/Demo/Low poly package/Prefabs/Tulip4.prefab
  artifactKey: Guid(2e4e96960984d1245952b7ba3cf62110) Importer(815301076,1909f56bfc062723c751e8b465ee728b)
Start importing Assets/Demo/Low poly package/Prefabs/Tulip4.prefab using Guid(2e4e96960984d1245952b7ba3cf62110) Importer(815301076,1909f56bfc062723c751e8b465ee728b)  -> (artifact id: '068b88713844f29fc32adaa8028c7913') in 0.024886 seconds 
========================================================================
Received Import Request.
  Time since last request: 8.561170 seconds.
  path: Assets/AssetsStore
  artifactKey: Guid(cd6bf1bcffc2e45faa7e0be12589100b) Importer(815301076,1909f56bfc062723c751e8b465ee728b)
Start importing Assets/AssetsStore using Guid(cd6bf1bcffc2e45faa7e0be12589100b) Importer(815301076,1909f56bfc062723c751e8b465ee728b)  -> (artifact id: '8f94cd262b2fedbe72381670af10813d') in 0.015649 seconds 
========================================================================
Received Import Request.
  Time since last request: 1.104036 seconds.
  path: Assets/AssetsStore/Weel
  artifactKey: Guid(538f3b3e448c441deb124f964e748c4b) Importer(815301076,1909f56bfc062723c751e8b465ee728b)
Start importing Assets/AssetsStore/Weel using Guid(538f3b3e448c441deb124f964e748c4b) Importer(815301076,1909f56bfc062723c751e8b465ee728b)  -> (artifact id: '1d10a47a1d1e9be297423b39c467c11f') in 0.027632 seconds 
========================================================================
Received Import Request.
  Time since last request: 1.079751 seconds.
  path: Assets/AssetsStore/Weel/Assets
  artifactKey: Guid(6d9857db604e3524bac151abea4df59a) Importer(815301076,1909f56bfc062723c751e8b465ee728b)
Start importing Assets/AssetsStore/Weel/Assets using Guid(6d9857db604e3524bac151abea4df59a) Importer(815301076,1909f56bfc062723c751e8b465ee728b)  -> (artifact id: 'f90e1871bc25854eb02255f37c5a9fb9') in 0.024894 seconds 
========================================================================
Received Import Request.
  Time since last request: 1.417991 seconds.
  path: Assets/AssetsStore/Weel/Assets/Prefabs
  artifactKey: Guid(3933f11f684bd0b47a8a5c743b50c6d2) Importer(815301076,1909f56bfc062723c751e8b465ee728b)
Start importing Assets/AssetsStore/Weel/Assets/Prefabs using Guid(3933f11f684bd0b47a8a5c743b50c6d2) Importer(815301076,1909f56bfc062723c751e8b465ee728b)  -> (artifact id: '72fd4d196123c5435e605618e640a680') in 0.006519 seconds 
========================================================================
Received Import Request.
  Time since last request: 0.060339 seconds.
  path: Assets/AssetsStore/Weel/Assets/Prefabs/well.prefab
  artifactKey: Guid(d03ac8239a200d94f9c8e954396e63fa) Importer(815301076,1909f56bfc062723c751e8b465ee728b)
Start importing Assets/AssetsStore/Weel/Assets/Prefabs/well.prefab using Guid(d03ac8239a200d94f9c8e954396e63fa) Importer(815301076,1909f56bfc062723c751e8b465ee728b)  -> (artifact id: '58e9ef52b70f1695e2ff156693d2d747') in 0.562609 seconds 
========================================================================
Received Import Request.
  Time since last request: 4.514171 seconds.
  path: Assets/Materials
  artifactKey: Guid(f6351945efc2e8543b9974b1ee813e7b) Importer(815301076,1909f56bfc062723c751e8b465ee728b)
Start importing Assets/Materials using Guid(f6351945efc2e8543b9974b1ee813e7b) Importer(815301076,1909f56bfc062723c751e8b465ee728b)  -> (artifact id: 'b45e0c8eb26ea83305c604f1908233dc') in 0.006674 seconds 
========================================================================
Received Import Request.
  Time since last request: 0.107753 seconds.
  path: Assets/Materials/bloodColor 1.mat
  artifactKey: Guid(a20942e81d0fbc640827d53010889c5c) Importer(815301076,1909f56bfc062723c751e8b465ee728b)
Start importing Assets/Materials/bloodColor 1.mat using Guid(a20942e81d0fbc640827d53010889c5c) Importer(815301076,1909f56bfc062723c751e8b465ee728b)  -> (artifact id: '6c8c8f95dcb917597c7bd1a2a0f7e1ff') in 0.375518 seconds 
========================================================================
Received Import Request.
  Time since last request: 0.000064 seconds.
  path: Assets/Materials/New Material.mat
  artifactKey: Guid(24cb27df7585cbf4b8ee11f5af67ca75) Importer(815301076,1909f56bfc062723c751e8b465ee728b)
Start importing Assets/Materials/New Material.mat using Guid(24cb27df7585cbf4b8ee11f5af67ca75) Importer(815301076,1909f56bfc062723c751e8b465ee728b)  -> (artifact id: 'ef1e4cafd24baa5c3a54e853ddede25a') in 0.082494 seconds 
========================================================================
Received Import Request.
  Time since last request: 1.617705 seconds.
  path: Assets/Materials/Images
  artifactKey: Guid(bf8270a7f554f984e967a23d0b85f027) Importer(815301076,1909f56bfc062723c751e8b465ee728b)
Start importing Assets/Materials/Images using Guid(bf8270a7f554f984e967a23d0b85f027) Importer(815301076,1909f56bfc062723c751e8b465ee728b)  -> (artifact id: 'f27149311fdba1fbccb03740196ed58e') in 0.031733 seconds 
========================================================================
Received Import Request.
  Time since last request: 0.055768 seconds.
  path: Assets/Materials/Images/2092939146_preview_HDRI Haven - waterbuck_trail_ .jpg
  artifactKey: Guid(7311ae1574c3ed8479edb27441bb7942) Importer(815301076,1909f56bfc062723c751e8b465ee728b)
Start importing Assets/Materials/Images/2092939146_preview_HDRI Haven - waterbuck_trail_ .jpg using Guid(7311ae1574c3ed8479edb27441bb7942) Importer(815301076,1909f56bfc062723c751e8b465ee728b)  -> (artifact id: 'bf0a2caa4a77af12d86ee90fb04bf9a9') in 0.063815 seconds 
========================================================================
Received Import Request.
  Time since last request: 4.330248 seconds.
  path: Assets/Model_Animations_Textures
  artifactKey: Guid(8ddb7738b6ccaed42ad571375f006dfc) Importer(815301076,1909f56bfc062723c751e8b465ee728b)
Start importing Assets/Model_Animations_Textures using Guid(8ddb7738b6ccaed42ad571375f006dfc) Importer(815301076,1909f56bfc062723c751e8b465ee728b)  -> (artifact id: 'f980efcea1fe820703f4e7d5693cc5d1') in 0.021474 seconds 
========================================================================
Received Import Request.
  Time since last request: 3.677036 seconds.
  path: Assets/Model_Animations_Textures/main character
  artifactKey: Guid(1433ee16f7924b14f9fc7311ecf3c113) Importer(815301076,1909f56bfc062723c751e8b465ee728b)
Start importing Assets/Model_Animations_Textures/main character using Guid(1433ee16f7924b14f9fc7311ecf3c113) Importer(815301076,1909f56bfc062723c751e8b465ee728b)  -> (artifact id: '80b6c5222b8fbb28634c2690293597b3') in 0.017020 seconds 
========================================================================
Received Import Request.
  Time since last request: 5.999527 seconds.
  path: Assets/Prefabs 1
  artifactKey: Guid(4883685d74f084286a09417f818f93f9) Importer(815301076,1909f56bfc062723c751e8b465ee728b)
Start importing Assets/Prefabs 1 using Guid(4883685d74f084286a09417f818f93f9) Importer(815301076,1909f56bfc062723c751e8b465ee728b)  -> (artifact id: '1b752fbc6f160964c0e2f77eed9bd622') in 0.022117 seconds 
========================================================================
Received Import Request.
  Time since last request: 0.043146 seconds.
  path: Assets/Prefabs 1/bloodEffectParticlePrefab_melee.prefab
  artifactKey: Guid(ffbf169ab9dcfdc45ae14010bc82a6b2) Importer(815301076,1909f56bfc062723c751e8b465ee728b)
Start importing Assets/Prefabs 1/bloodEffectParticlePrefab_melee.prefab using Guid(ffbf169ab9dcfdc45ae14010bc82a6b2) Importer(815301076,1909f56bfc062723c751e8b465ee728b)  -> (artifact id: '0cec3ea73b29f3919ef3032846f97797') in 0.089459 seconds 
========================================================================
Received Import Request.
  Time since last request: 0.000058 seconds.
  path: Assets/Prefabs 1/Player.prefab
  artifactKey: Guid(c391f12a928274acab8576bb6030641d) Importer(815301076,1909f56bfc062723c751e8b465ee728b)
Start importing Assets/Prefabs 1/Player.prefab using Guid(c391f12a928274acab8576bb6030641d) Importer(815301076,1909f56bfc062723c751e8b465ee728b) Tried select unknown importer for id '-2' '00000000000000000000000000000000'
 -> (artifact id: '4a58558a9a10ce3571300054427054bc') in 0.376370 seconds 
========================================================================
Received Import Request.
  Time since last request: 4.580646 seconds.
  path: Assets/Prefab2
  artifactKey: Guid(ae808601fa4e242bca2b76ae66ba0abb) Importer(815301076,1909f56bfc062723c751e8b465ee728b)
Start importing Assets/Prefab2 using Guid(ae808601fa4e242bca2b76ae66ba0abb) Importer(815301076,1909f56bfc062723c751e8b465ee728b)  -> (artifact id: '0e15ea0f57242bb55272b6df9e30af79') in 0.033174 seconds 
========================================================================
Received Import Request.
  Time since last request: 0.026416 seconds.
  path: Assets/Prefab2/Sidon.prefab
  artifactKey: Guid(32b3edc87edb747f490691c10a92b548) Importer(815301076,1909f56bfc062723c751e8b465ee728b)
Start importing Assets/Prefab2/Sidon.prefab using Guid(32b3edc87edb747f490691c10a92b548) Importer(815301076,1909f56bfc062723c751e8b465ee728b)  -> (artifact id: '79b493ff50c5d58316dcf45c4cc7ade2') in 0.271966 seconds 
========================================================================
Received Import Request.
  Time since last request: 6.319333 seconds.
  path: Assets/Prefab2/village.prefab
  artifactKey: Guid(32b3edc87edb747f490691c10a92b548) Importer(815301076,1909f56bfc062723c751e8b465ee728b)
Start importing Assets/Prefab2/village.prefab using Guid(32b3edc87edb747f490691c10a92b548) Importer(815301076,1909f56bfc062723c751e8b465ee728b)  -> (artifact id: '03514e9d316f58d196a467dbafea19e5') in 0.044614 seconds 
========================================================================
Received Import Request.
  Time since last request: 21.128027 seconds.
  path: Assets/Resources
  artifactKey: Guid(c149658a81ea04f7da722e67bf5e96c7) Importer(815301076,1909f56bfc062723c751e8b465ee728b)
Start importing Assets/Resources using Guid(c149658a81ea04f7da722e67bf5e96c7) Importer(815301076,1909f56bfc062723c751e8b465ee728b)  -> (artifact id: '00d69f08d8cba7ae60ad9177cde05af9') in 0.027414 seconds 
========================================================================
Received Import Request.
  Time since last request: 0.048725 seconds.
  path: Assets/Resources/NewGun_auto.prefab
  artifactKey: Guid(d263be518b43c45958a9fabf6650fd2d) Importer(815301076,1909f56bfc062723c751e8b465ee728b)
Start importing Assets/Resources/NewGun_auto.prefab using Guid(d263be518b43c45958a9fabf6650fd2d) Importer(815301076,1909f56bfc062723c751e8b465ee728b)  -> (artifact id: 'd5139005e64d31aece1a90c995b2301e') in 1.005856 seconds 
========================================================================
Received Import Request.
  Time since last request: 2.925752 seconds.
  path: Assets/Scripts
  artifactKey: Guid(ec3a0e661bd45c648996035eb2677def) Importer(815301076,1909f56bfc062723c751e8b465ee728b)
Start importing Assets/Scripts using Guid(ec3a0e661bd45c648996035eb2677def) Importer(815301076,1909f56bfc062723c751e8b465ee728b)  -> (artifact id: '0fac189cbd39d186031a157fe901cbfd') in 0.022662 seconds 
========================================================================
Received Import Request.
  Time since last request: 3.525997 seconds.
  path: Assets/SimpleNaturePack
  artifactKey: Guid(43c3c12674eb38540a37422ddda81443) Importer(815301076,1909f56bfc062723c751e8b465ee728b)
Start importing Assets/SimpleNaturePack using Guid(43c3c12674eb38540a37422ddda81443) Importer(815301076,1909f56bfc062723c751e8b465ee728b)  -> (artifact id: '7f6e1c0281a8c7ae3f094405ea705f58') in 0.014372 seconds 
========================================================================
Received Import Request.
  Time since last request: 3.270976 seconds.
  path: Assets/SimpleNaturePack/SimpleNaturePack_HDRP_2018.4.unitypackage
  artifactKey: Guid(5b9bfd9e428a3e443a66c361f3675f26) Importer(815301076,1909f56bfc062723c751e8b465ee728b)
Start importing Assets/SimpleNaturePack/SimpleNaturePack_HDRP_2018.4.unitypackage using Guid(5b9bfd9e428a3e443a66c361f3675f26) Importer(815301076,1909f56bfc062723c751e8b465ee728b)  -> (artifact id: '47a3a6384ad6e5183e642055c9c98207') in 0.033777 seconds 
========================================================================
Received Import Request.
  Time since last request: 12.469557 seconds.
  path: Assets/SimpleNaturePack/SimpleNaturePack_LWRP_2018.4.unitypackage
  artifactKey: Guid(b8065bad1ff274b42ba313442b4cd7fa) Importer(815301076,1909f56bfc062723c751e8b465ee728b)
Start importing Assets/SimpleNaturePack/SimpleNaturePack_LWRP_2018.4.unitypackage using Guid(b8065bad1ff274b42ba313442b4cd7fa) Importer(815301076,1909f56bfc062723c751e8b465ee728b)  -> (artifact id: '1833700ca5c78dfbd193bd5e1ca145d2') in 0.032583 seconds 
========================================================================
Received Import Request.
  Time since last request: 1.360512 seconds.
  path: Assets/SimpleNaturePack/SimpleNaturePack_URP_2019.3.unitypackage
  artifactKey: Guid(d504c149f8ea1714d83d6d405de4e157) Importer(815301076,1909f56bfc062723c751e8b465ee728b)
Start importing Assets/SimpleNaturePack/SimpleNaturePack_URP_2019.3.unitypackage using Guid(d504c149f8ea1714d83d6d405de4e157) Importer(815301076,1909f56bfc062723c751e8b465ee728b)  -> (artifact id: '6284297d5e995627f36e9e0fdd28532e') in 0.018249 seconds 
========================================================================
Received Import Request.
  Time since last request: 3.272735 seconds.
  path: Assets/SimpleNaturePack/Prefabs
  artifactKey: Guid(245080b10b3a2d542a041d0b8f4fe0dc) Importer(815301076,1909f56bfc062723c751e8b465ee728b)
Start importing Assets/SimpleNaturePack/Prefabs using Guid(245080b10b3a2d542a041d0b8f4fe0dc) Importer(815301076,1909f56bfc062723c751e8b465ee728b)  -> (artifact id: 'b82a9189c9e7c2dc4c563c2e819a63fe') in 0.002893 seconds 
========================================================================
Received Import Request.
  Time since last request: 0.123473 seconds.
  path: Assets/SimpleNaturePack/Prefabs/Branch_01.prefab
  artifactKey: Guid(b9de24523a11d714db3851b5f0f9d527) Importer(815301076,1909f56bfc062723c751e8b465ee728b)
Start importing Assets/SimpleNaturePack/Prefabs/Branch_01.prefab using Guid(b9de24523a11d714db3851b5f0f9d527) Importer(815301076,1909f56bfc062723c751e8b465ee728b)  -> (artifact id: 'b40662a5f05b9b6c18b140144d6bd876') in 0.060744 seconds 
========================================================================
Received Import Request.
  Time since last request: 0.000043 seconds.
  path: Assets/SimpleNaturePack/Prefabs/Rock_02.prefab
  artifactKey: Guid(cebfacc247a640945a2c30b442202fca) Importer(815301076,1909f56bfc062723c751e8b465ee728b)
Start importing Assets/SimpleNaturePack/Prefabs/Rock_02.prefab using Guid(cebfacc247a640945a2c30b442202fca) Importer(815301076,1909f56bfc062723c751e8b465ee728b)  -> (artifact id: '0d33c7017ca47498f507d083ce251027') in 0.048103 seconds 
========================================================================
Received Import Request.
  Time since last request: 0.000032 seconds.
  path: Assets/SimpleNaturePack/Prefabs/Rock_04.prefab
  artifactKey: Guid(f02116c209ecd9e488fc4d2cd8996133) Importer(815301076,1909f56bfc062723c751e8b465ee728b)
Start importing Assets/SimpleNaturePack/Prefabs/Rock_04.prefab using Guid(f02116c209ecd9e488fc4d2cd8996133) Importer(815301076,1909f56bfc062723c751e8b465ee728b)  -> (artifact id: 'e577aca16ddf2a74264cd18c924f0796') in 0.047761 seconds 
========================================================================
Received Import Request.
  Time since last request: 0.000036 seconds.
  path: Assets/SimpleNaturePack/Prefabs/Mushroom_01.prefab
  artifactKey: Guid(ff62b58c5a9ea164fa8ddf8038e10cd1) Importer(815301076,1909f56bfc062723c751e8b465ee728b)
Start importing Assets/SimpleNaturePack/Prefabs/Mushroom_01.prefab using Guid(ff62b58c5a9ea164fa8ddf8038e10cd1) Importer(815301076,1909f56bfc062723c751e8b465ee728b)  -> (artifact id: 'feb1defd0089e6cf5191875d5e5e4df6') in 0.027764 seconds 
========================================================================
Received Import Request.
  Time since last request: 0.000035 seconds.
  path: Assets/SimpleNaturePack/Prefabs/Mushroom_02.prefab
  artifactKey: Guid(494f6d43e170e9145bc7865d243ee00b) Importer(815301076,1909f56bfc062723c751e8b465ee728b)
Start importing Assets/SimpleNaturePack/Prefabs/Mushroom_02.prefab using Guid(494f6d43e170e9145bc7865d243ee00b) Importer(815301076,1909f56bfc062723c751e8b465ee728b)  -> (artifact id: '02416f100aac6a4ea6d287cf5df0809b') in 0.026566 seconds 
========================================================================
Received Import Request.
  Time since last request: 0.000044 seconds.
  path: Assets/SimpleNaturePack/Prefabs/Grass_02.prefab
  artifactKey: Guid(ffbddc4ef9676cc419e81e06aaa836d8) Importer(815301076,1909f56bfc062723c751e8b465ee728b)
Start importing Assets/SimpleNaturePack/Prefabs/Grass_02.prefab using Guid(ffbddc4ef9676cc419e81e06aaa836d8) Importer(815301076,1909f56bfc062723c751e8b465ee728b)  -> (artifact id: 'c2138a2e1bc13c7956551d153ad4867f') in 0.031296 seconds 
========================================================================
Received Import Request.
  Time since last request: 0.000030 seconds.
  path: Assets/SimpleNaturePack/Prefabs/Rock_03.prefab
  artifactKey: Guid(0fde05fa0f3321942a21896ff4f0856f) Importer(815301076,1909f56bfc062723c751e8b465ee728b)
Start importing Assets/SimpleNaturePack/Prefabs/Rock_03.prefab using Guid(0fde05fa0f3321942a21896ff4f0856f) Importer(815301076,1909f56bfc062723c751e8b465ee728b)  -> (artifact id: '18fde8c12f29ccd49918c1c76d5f2099') in 0.025449 seconds 
========================================================================
Received Import Request.
  Time since last request: 0.000023 seconds.
  path: Assets/SimpleNaturePack/Prefabs/Tree_03.prefab
  artifactKey: Guid(c60edd51c065ceb46b345849a03bc106) Importer(815301076,1909f56bfc062723c751e8b465ee728b)
Start importing Assets/SimpleNaturePack/Prefabs/Tree_03.prefab using Guid(c60edd51c065ceb46b345849a03bc106) Importer(815301076,1909f56bfc062723c751e8b465ee728b)  -> (artifact id: '1102a94f587d37a3112e18f324fcfbc3') in 0.025083 seconds 
========================================================================
Received Import Request.
  Time since last request: 0.000049 seconds.
  path: Assets/SimpleNaturePack/Prefabs/Bush_02.prefab
  artifactKey: Guid(b71b0f8d2f881c743a85228f3030d1cb) Importer(815301076,1909f56bfc062723c751e8b465ee728b)
Start importing Assets/SimpleNaturePack/Prefabs/Bush_02.prefab using Guid(b71b0f8d2f881c743a85228f3030d1cb) Importer(815301076,1909f56bfc062723c751e8b465ee728b)  -> (artifact id: 'cb4b18a8784e56c5a488f0def6a532d8') in 0.028706 seconds 
========================================================================
Received Prepare
Registering precompiled user dll's ...
Registered in 0.007588 seconds.
Begin MonoManager ReloadAssembly
Symbol file LoadedFromMemory doesn't match image C:\Users\mhmdb\OneDrive\Desktop\CSC458\Project 1\CSC458_Project1\Project\Library\PackageCache\com.unity.visualscripting@1.7.6\Editor\VisualScripting.Core\Dependencies\YamlDotNet\Unity.VisualScripting.YamlDotNet.dll
Symbol file LoadedFromMemory doesn't match image C:\Users\mhmdb\OneDrive\Desktop\CSC458\Project 1\CSC458_Project1\Project\Library\PackageCache\com.unity.visualscripting@1.7.6\Editor\VisualScripting.Core\Dependencies\DotNetZip\Unity.VisualScripting.IonicZip.dll
Native extension for WindowsStandalone target not found
Refreshing native plugins compatible for Editor in 1.02 ms, found 3 plugins.
Preloading 0 native plugins for Editor in 0.00 ms.
Mono: successfully reloaded assembly
- Completed reload, in  2.087 seconds
Domain Reload Profiling:
	ReloadAssembly (2088ms)
		BeginReloadAssembly (241ms)
			ExecutionOrderSort (0ms)
			DisableScriptedObjects (9ms)
			BackupInstance (0ms)
			ReleaseScriptingObjects (0ms)
			CreateAndSetChildDomain (67ms)
		EndReloadAssembly (1663ms)
			LoadAssemblies (121ms)
			RebuildTransferFunctionScriptingTraits (0ms)
			SetupTypeCache (488ms)
			ReleaseScriptCaches (2ms)
			RebuildScriptCaches (163ms)
			SetupLoadedEditorAssemblies (640ms)
				LogAssemblyErrors (0ms)
				InitializePlatformSupportModulesInManaged (22ms)
				SetLoadedEditorAssemblies (1ms)
				RefreshPlugins (1ms)
				BeforeProcessingInitializeOnLoad (125ms)
				ProcessInitializeOnLoadAttributes (439ms)
				ProcessInitializeOnLoadMethodAttributes (38ms)
				AfterProcessingInitializeOnLoad (13ms)
				EditorAssembliesLoaded (0ms)
			ExecutionOrderSort2 (0ms)
			AwakeInstancesAfterBackupRestoration (20ms)
Platform modules already initialized, skipping
Refreshing native plugins compatible for Editor in 0.71 ms, found 3 plugins.
Preloading 0 native plugins for Editor in 0.00 ms.
Unloading 3412 Unused Serialized files (Serialized files now loaded: 0)
Unloading 35 unused Assets / (2.0 MB). Loaded Objects now: 4018.
Memory consumption went from 148.9 MB to 146.9 MB.
Total: 5.196700 ms (FindLiveObjects: 0.400300 ms CreateObjectMapping: 0.324400 ms MarkObjects: 3.801100 ms  DeleteObjects: 0.669000 ms)

AssetImportParameters requested are different than current active one (requested -> active):
  custom:video-decoder-ogg-theora: a1e56fd34408186e4bbccfd4996cb3dc -> 
  custom:container-muxer-webm: aa71ff27fc2769a1b78a27578f13a17b -> 
  custom:container-demuxer-webm: 4f35f7cbe854078d1ac9338744f61a02 -> 
  custom:video-encoder-webm-vp8: eb34c28f22e8b96e1ab97ce403110664 -> 
  custom:video-codec-MediaFoundation-h265: 746d11721c4dcdbdad8f713fa42b33f4 -> 
  custom:audio-encoder-webm-vorbis: bf7c407c2cedff20999df2af8eb42d56 -> 
  custom:framework-win-MediaFoundation: 216162199b28c13a410421893ffa2e32 -> 
  custom:container-demuxer-ogg: 62fdf1f143b41e24485cea50d1cbac27 -> 
  custom:video-decoder-webm-vp8: 9c59270c3fd7afecdb556c50c9e8de78 -> 
  custom:audio-decoder-ogg-vorbis: bf7c407c2cedff20999df2af8eb42d56 -> 
========================================================================
Received Prepare
Registering precompiled user dll's ...
Registered in 0.010989 seconds.
Begin MonoManager ReloadAssembly
Symbol file LoadedFromMemory doesn't match image C:\Users\mhmdb\OneDrive\Desktop\CSC458\Project 1\CSC458_Project1\Project\Library\PackageCache\com.unity.visualscripting@1.7.6\Editor\VisualScripting.Core\Dependencies\YamlDotNet\Unity.VisualScripting.YamlDotNet.dll
Symbol file LoadedFromMemory doesn't match image C:\Users\mhmdb\OneDrive\Desktop\CSC458\Project 1\CSC458_Project1\Project\Library\PackageCache\com.unity.visualscripting@1.7.6\Editor\VisualScripting.Core\Dependencies\DotNetZip\Unity.VisualScripting.IonicZip.dll
Native extension for WindowsStandalone target not found
Refreshing native plugins compatible for Editor in 1.77 ms, found 3 plugins.
Preloading 0 native plugins for Editor in 0.00 ms.
Mono: successfully reloaded assembly
- Completed reload, in  3.196 seconds
Domain Reload Profiling:
	ReloadAssembly (3197ms)
		BeginReloadAssembly (231ms)
			ExecutionOrderSort (0ms)
			DisableScriptedObjects (11ms)
			BackupInstance (0ms)
			ReleaseScriptingObjects (0ms)
			CreateAndSetChildDomain (61ms)
		EndReloadAssembly (2811ms)
			LoadAssemblies (121ms)
			RebuildTransferFunctionScriptingTraits (0ms)
			SetupTypeCache (1092ms)
			ReleaseScriptCaches (2ms)
			RebuildScriptCaches (172ms)
			SetupLoadedEditorAssemblies (1120ms)
				LogAssemblyErrors (0ms)
				InitializePlatformSupportModulesInManaged (30ms)
				SetLoadedEditorAssemblies (2ms)
				RefreshPlugins (2ms)
				BeforeProcessingInitializeOnLoad (191ms)
				ProcessInitializeOnLoadAttributes (771ms)
				ProcessInitializeOnLoadMethodAttributes (86ms)
				AfterProcessingInitializeOnLoad (39ms)
				EditorAssembliesLoaded (1ms)
			ExecutionOrderSort2 (0ms)
			AwakeInstancesAfterBackupRestoration (76ms)
Platform modules already initialized, skipping
Refreshing native plugins compatible for Editor in 0.72 ms, found 3 plugins.
Preloading 0 native plugins for Editor in 0.00 ms.
Unloading 3410 Unused Serialized files (Serialized files now loaded: 0)
Unloading 32 unused Assets / (1.5 MB). Loaded Objects now: 4020.
Memory consumption went from 148.3 MB to 146.8 MB.
Total: 4.351400 ms (FindLiveObjects: 0.346600 ms CreateObjectMapping: 0.271300 ms MarkObjects: 3.355300 ms  DeleteObjects: 0.376500 ms)

AssetImportParameters requested are different than current active one (requested -> active):
  custom:video-decoder-ogg-theora: a1e56fd34408186e4bbccfd4996cb3dc -> 
  custom:container-muxer-webm: aa71ff27fc2769a1b78a27578f13a17b -> 
  custom:container-demuxer-webm: 4f35f7cbe854078d1ac9338744f61a02 -> 
  custom:video-encoder-webm-vp8: eb34c28f22e8b96e1ab97ce403110664 -> 
  custom:video-codec-MediaFoundation-h265: 746d11721c4dcdbdad8f713fa42b33f4 -> 
  custom:audio-encoder-webm-vorbis: bf7c407c2cedff20999df2af8eb42d56 -> 
  custom:framework-win-MediaFoundation: 216162199b28c13a410421893ffa2e32 -> 
  custom:container-demuxer-ogg: 62fdf1f143b41e24485cea50d1cbac27 -> 
  custom:video-decoder-webm-vp8: 9c59270c3fd7afecdb556c50c9e8de78 -> 
  custom:audio-decoder-ogg-vorbis: bf7c407c2cedff20999df2af8eb42d56 -> 
========================================================================
Received Prepare
Registering precompiled user dll's ...
Registered in 0.009778 seconds.
Begin MonoManager ReloadAssembly
Symbol file LoadedFromMemory doesn't match image C:\Users\mhmdb\OneDrive\Desktop\CSC458\Project 1\CSC458_Project1\Project\Library\PackageCache\com.unity.visualscripting@1.7.6\Editor\VisualScripting.Core\Dependencies\YamlDotNet\Unity.VisualScripting.YamlDotNet.dll
Symbol file LoadedFromMemory doesn't match image C:\Users\mhmdb\OneDrive\Desktop\CSC458\Project 1\CSC458_Project1\Project\Library\PackageCache\com.unity.visualscripting@1.7.6\Editor\VisualScripting.Core\Dependencies\DotNetZip\Unity.VisualScripting.IonicZip.dll
Native extension for WindowsStandalone target not found
Refreshing native plugins compatible for Editor in 1.45 ms, found 3 plugins.
Preloading 0 native plugins for Editor in 0.00 ms.
Mono: successfully reloaded assembly
- Completed reload, in  2.660 seconds
Domain Reload Profiling:
	ReloadAssembly (2661ms)
		BeginReloadAssembly (346ms)
			ExecutionOrderSort (0ms)
			DisableScriptedObjects (9ms)
			BackupInstance (0ms)
			ReleaseScriptingObjects (0ms)
			CreateAndSetChildDomain (115ms)
		EndReloadAssembly (2179ms)
			LoadAssemblies (162ms)
			RebuildTransferFunctionScriptingTraits (0ms)
			SetupTypeCache (434ms)
			ReleaseScriptCaches (2ms)
			RebuildScriptCaches (245ms)
			SetupLoadedEditorAssemblies (1079ms)
				LogAssemblyErrors (0ms)
				InitializePlatformSupportModulesInManaged (53ms)
				SetLoadedEditorAssemblies (2ms)
				RefreshPlugins (2ms)
				BeforeProcessingInitializeOnLoad (279ms)
				ProcessInitializeOnLoadAttributes (692ms)
				ProcessInitializeOnLoadMethodAttributes (37ms)
				AfterProcessingInitializeOnLoad (13ms)
				EditorAssembliesLoaded (0ms)
			ExecutionOrderSort2 (0ms)
			AwakeInstancesAfterBackupRestoration (20ms)
Platform modules already initialized, skipping
Refreshing native plugins compatible for Editor in 1.13 ms, found 3 plugins.
Preloading 0 native plugins for Editor in 0.00 ms.
Unloading 3410 Unused Serialized files (Serialized files now loaded: 0)
Unloading 32 unused Assets / (1.5 MB). Loaded Objects now: 4022.
Memory consumption went from 148.3 MB to 146.8 MB.
Total: 5.893000 ms (FindLiveObjects: 0.442600 ms CreateObjectMapping: 0.324900 ms MarkObjects: 4.364100 ms  DeleteObjects: 0.759300 ms)

AssetImportParameters requested are different than current active one (requested -> active):
  custom:video-decoder-ogg-theora: a1e56fd34408186e4bbccfd4996cb3dc -> 
  custom:container-muxer-webm: aa71ff27fc2769a1b78a27578f13a17b -> 
  custom:container-demuxer-webm: 4f35f7cbe854078d1ac9338744f61a02 -> 
  custom:video-encoder-webm-vp8: eb34c28f22e8b96e1ab97ce403110664 -> 
  custom:video-codec-MediaFoundation-h265: 746d11721c4dcdbdad8f713fa42b33f4 -> 
  custom:audio-encoder-webm-vorbis: bf7c407c2cedff20999df2af8eb42d56 -> 
  custom:framework-win-MediaFoundation: 216162199b28c13a410421893ffa2e32 -> 
  custom:container-demuxer-ogg: 62fdf1f143b41e24485cea50d1cbac27 -> 
  custom:video-decoder-webm-vp8: 9c59270c3fd7afecdb556c50c9e8de78 -> 
  custom:audio-decoder-ogg-vorbis: bf7c407c2cedff20999df2af8eb42d56 -> 
========================================================================
Received Prepare
Registering precompiled user dll's ...
Registered in 0.005526 seconds.
Begin MonoManager ReloadAssembly
Symbol file LoadedFromMemory doesn't match image C:\Users\mhmdb\OneDrive\Desktop\CSC458\Project 1\CSC458_Project1\Project\Library\PackageCache\com.unity.visualscripting@1.7.6\Editor\VisualScripting.Core\Dependencies\YamlDotNet\Unity.VisualScripting.YamlDotNet.dll
Symbol file LoadedFromMemory doesn't match image C:\Users\mhmdb\OneDrive\Desktop\CSC458\Project 1\CSC458_Project1\Project\Library\PackageCache\com.unity.visualscripting@1.7.6\Editor\VisualScripting.Core\Dependencies\DotNetZip\Unity.VisualScripting.IonicZip.dll
Native extension for WindowsStandalone target not found
Refreshing native plugins compatible for Editor in 0.82 ms, found 3 plugins.
Preloading 0 native plugins for Editor in 0.00 ms.
Mono: successfully reloaded assembly
- Completed reload, in  1.178 seconds
Domain Reload Profiling:
	ReloadAssembly (1179ms)
		BeginReloadAssembly (140ms)
			ExecutionOrderSort (0ms)
			DisableScriptedObjects (7ms)
			BackupInstance (0ms)
			ReleaseScriptingObjects (0ms)
			CreateAndSetChildDomain (36ms)
		EndReloadAssembly (933ms)
			LoadAssemblies (87ms)
			RebuildTransferFunctionScriptingTraits (0ms)
			SetupTypeCache (355ms)
			ReleaseScriptCaches (1ms)
			RebuildScriptCaches (50ms)
			SetupLoadedEditorAssemblies (396ms)
				LogAssemblyErrors (0ms)
				InitializePlatformSupportModulesInManaged (12ms)
				SetLoadedEditorAssemblies (0ms)
				RefreshPlugins (1ms)
				BeforeProcessingInitializeOnLoad (71ms)
				ProcessInitializeOnLoadAttributes (281ms)
				ProcessInitializeOnLoadMethodAttributes (25ms)
				AfterProcessingInitializeOnLoad (6ms)
				EditorAssembliesLoaded (0ms)
			ExecutionOrderSort2 (0ms)
			AwakeInstancesAfterBackupRestoration (12ms)
Platform modules already initialized, skipping
Refreshing native plugins compatible for Editor in 0.65 ms, found 3 plugins.
Preloading 0 native plugins for Editor in 0.00 ms.
Unloading 3410 Unused Serialized files (Serialized files now loaded: 0)
Unloading 32 unused Assets / (1.5 MB). Loaded Objects now: 4024.
Memory consumption went from 148.3 MB to 146.8 MB.
Total: 3.364500 ms (FindLiveObjects: 0.304200 ms CreateObjectMapping: 0.377300 ms MarkObjects: 2.336500 ms  DeleteObjects: 0.345500 ms)

AssetImportParameters requested are different than current active one (requested -> active):
  custom:video-decoder-ogg-theora: a1e56fd34408186e4bbccfd4996cb3dc -> 
  custom:container-muxer-webm: aa71ff27fc2769a1b78a27578f13a17b -> 
  custom:container-demuxer-webm: 4f35f7cbe854078d1ac9338744f61a02 -> 
  custom:video-encoder-webm-vp8: eb34c28f22e8b96e1ab97ce403110664 -> 
  custom:video-codec-MediaFoundation-h265: 746d11721c4dcdbdad8f713fa42b33f4 -> 
  custom:audio-encoder-webm-vorbis: bf7c407c2cedff20999df2af8eb42d56 -> 
  custom:framework-win-MediaFoundation: 216162199b28c13a410421893ffa2e32 -> 
  custom:container-demuxer-ogg: 62fdf1f143b41e24485cea50d1cbac27 -> 
  custom:video-decoder-webm-vp8: 9c59270c3fd7afecdb556c50c9e8de78 -> 
  custom:audio-decoder-ogg-vorbis: bf7c407c2cedff20999df2af8eb42d56 -> 
========================================================================
Received Prepare
Registering precompiled user dll's ...
Registered in 0.005389 seconds.
Begin MonoManager ReloadAssembly
Symbol file LoadedFromMemory doesn't match image C:\Users\mhmdb\OneDrive\Desktop\CSC458\Project 1\CSC458_Project1\Project\Library\PackageCache\com.unity.visualscripting@1.7.6\Editor\VisualScripting.Core\Dependencies\YamlDotNet\Unity.VisualScripting.YamlDotNet.dll
Symbol file LoadedFromMemory doesn't match image C:\Users\mhmdb\OneDrive\Desktop\CSC458\Project 1\CSC458_Project1\Project\Library\PackageCache\com.unity.visualscripting@1.7.6\Editor\VisualScripting.Core\Dependencies\DotNetZip\Unity.VisualScripting.IonicZip.dll
Native extension for WindowsStandalone target not found
Refreshing native plugins compatible for Editor in 1.22 ms, found 3 plugins.
Preloading 0 native plugins for Editor in 0.00 ms.
Mono: successfully reloaded assembly
- Completed reload, in  1.361 seconds
Domain Reload Profiling:
	ReloadAssembly (1362ms)
		BeginReloadAssembly (142ms)
			ExecutionOrderSort (0ms)
			DisableScriptedObjects (9ms)
			BackupInstance (0ms)
			ReleaseScriptingObjects (0ms)
			CreateAndSetChildDomain (40ms)
		EndReloadAssembly (1118ms)
			LoadAssemblies (79ms)
			RebuildTransferFunctionScriptingTraits (0ms)
			SetupTypeCache (317ms)
			ReleaseScriptCaches (2ms)
			RebuildScriptCaches (73ms)
			SetupLoadedEditorAssemblies (539ms)
				LogAssemblyErrors (0ms)
				InitializePlatformSupportModulesInManaged (16ms)
				SetLoadedEditorAssemblies (1ms)
				RefreshPlugins (1ms)
				BeforeProcessingInitializeOnLoad (90ms)
				ProcessInitializeOnLoadAttributes (392ms)
				ProcessInitializeOnLoadMethodAttributes (31ms)
				AfterProcessingInitializeOnLoad (7ms)
				EditorAssembliesLoaded (0ms)
			ExecutionOrderSort2 (0ms)
			AwakeInstancesAfterBackupRestoration (21ms)
Platform modules already initialized, skipping
Refreshing native plugins compatible for Editor in 1.23 ms, found 3 plugins.
Preloading 0 native plugins for Editor in 0.00 ms.
Unloading 3410 Unused Serialized files (Serialized files now loaded: 0)
Unloading 32 unused Assets / (1.5 MB). Loaded Objects now: 4026.
Memory consumption went from 148.3 MB to 146.8 MB.
Total: 4.581500 ms (FindLiveObjects: 0.556700 ms CreateObjectMapping: 0.714400 ms MarkObjects: 2.993600 ms  DeleteObjects: 0.315500 ms)

AssetImportParameters requested are different than current active one (requested -> active):
  custom:video-decoder-ogg-theora: a1e56fd34408186e4bbccfd4996cb3dc -> 
  custom:container-muxer-webm: aa71ff27fc2769a1b78a27578f13a17b -> 
  custom:container-demuxer-webm: 4f35f7cbe854078d1ac9338744f61a02 -> 
  custom:video-encoder-webm-vp8: eb34c28f22e8b96e1ab97ce403110664 -> 
  custom:video-codec-MediaFoundation-h265: 746d11721c4dcdbdad8f713fa42b33f4 -> 
  custom:audio-encoder-webm-vorbis: bf7c407c2cedff20999df2af8eb42d56 -> 
  custom:framework-win-MediaFoundation: 216162199b28c13a410421893ffa2e32 -> 
  custom:container-demuxer-ogg: 62fdf1f143b41e24485cea50d1cbac27 -> 
  custom:video-decoder-webm-vp8: 9c59270c3fd7afecdb556c50c9e8de78 -> 
  custom:audio-decoder-ogg-vorbis: bf7c407c2cedff20999df2af8eb42d56 -> 
========================================================================
Received Prepare
Registering precompiled user dll's ...
Registered in 0.007926 seconds.
Begin MonoManager ReloadAssembly
Symbol file LoadedFromMemory doesn't match image C:\Users\mhmdb\OneDrive\Desktop\CSC458\Project 1\CSC458_Project1\Project\Library\PackageCache\com.unity.visualscripting@1.7.6\Editor\VisualScripting.Core\Dependencies\YamlDotNet\Unity.VisualScripting.YamlDotNet.dll
Symbol file LoadedFromMemory doesn't match image C:\Users\mhmdb\OneDrive\Desktop\CSC458\Project 1\CSC458_Project1\Project\Library\PackageCache\com.unity.visualscripting@1.7.6\Editor\VisualScripting.Core\Dependencies\DotNetZip\Unity.VisualScripting.IonicZip.dll
Native extension for WindowsStandalone target not found
Refreshing native plugins compatible for Editor in 1.00 ms, found 3 plugins.
Preloading 0 native plugins for Editor in 0.00 ms.
Mono: successfully reloaded assembly
- Completed reload, in  1.336 seconds
Domain Reload Profiling:
	ReloadAssembly (1337ms)
		BeginReloadAssembly (146ms)
			ExecutionOrderSort (0ms)
			DisableScriptedObjects (6ms)
			BackupInstance (0ms)
			ReleaseScriptingObjects (0ms)
			CreateAndSetChildDomain (36ms)
		EndReloadAssembly (1094ms)
			LoadAssemblies (82ms)
			RebuildTransferFunctionScriptingTraits (0ms)
			SetupTypeCache (296ms)
			ReleaseScriptCaches (2ms)
			RebuildScriptCaches (59ms)
			SetupLoadedEditorAssemblies (577ms)
				LogAssemblyErrors (0ms)
				InitializePlatformSupportModulesInManaged (19ms)
				SetLoadedEditorAssemblies (1ms)
				RefreshPlugins (1ms)
				BeforeProcessingInitializeOnLoad (114ms)
				ProcessInitializeOnLoadAttributes (406ms)
				ProcessInitializeOnLoadMethodAttributes (29ms)
				AfterProcessingInitializeOnLoad (8ms)
				EditorAssembliesLoaded (0ms)
			ExecutionOrderSort2 (0ms)
			AwakeInstancesAfterBackupRestoration (16ms)
Platform modules already initialized, skipping
Refreshing native plugins compatible for Editor in 0.74 ms, found 3 plugins.
Preloading 0 native plugins for Editor in 0.00 ms.
Unloading 3410 Unused Serialized files (Serialized files now loaded: 0)
Unloading 32 unused Assets / (1.5 MB). Loaded Objects now: 4028.
Memory consumption went from 148.4 MB to 146.8 MB.
Total: 4.449700 ms (FindLiveObjects: 0.339500 ms CreateObjectMapping: 0.270900 ms MarkObjects: 3.246300 ms  DeleteObjects: 0.591200 ms)

AssetImportParameters requested are different than current active one (requested -> active):
  custom:video-decoder-ogg-theora: a1e56fd34408186e4bbccfd4996cb3dc -> 
  custom:container-muxer-webm: aa71ff27fc2769a1b78a27578f13a17b -> 
  custom:container-demuxer-webm: 4f35f7cbe854078d1ac9338744f61a02 -> 
  custom:video-encoder-webm-vp8: eb34c28f22e8b96e1ab97ce403110664 -> 
  custom:video-codec-MediaFoundation-h265: 746d11721c4dcdbdad8f713fa42b33f4 -> 
  custom:audio-encoder-webm-vorbis: bf7c407c2cedff20999df2af8eb42d56 -> 
  custom:framework-win-MediaFoundation: 216162199b28c13a410421893ffa2e32 -> 
  custom:container-demuxer-ogg: 62fdf1f143b41e24485cea50d1cbac27 -> 
  custom:video-decoder-webm-vp8: 9c59270c3fd7afecdb556c50c9e8de78 -> 
  custom:audio-decoder-ogg-vorbis: bf7c407c2cedff20999df2af8eb42d56 -> 
========================================================================
Received Prepare
Registering precompiled user dll's ...
Registered in 0.005667 seconds.
Begin MonoManager ReloadAssembly
Symbol file LoadedFromMemory doesn't match image C:\Users\mhmdb\OneDrive\Desktop\CSC458\Project 1\CSC458_Project1\Project\Library\PackageCache\com.unity.visualscripting@1.7.6\Editor\VisualScripting.Core\Dependencies\YamlDotNet\Unity.VisualScripting.YamlDotNet.dll
Symbol file LoadedFromMemory doesn't match image C:\Users\mhmdb\OneDrive\Desktop\CSC458\Project 1\CSC458_Project1\Project\Library\PackageCache\com.unity.visualscripting@1.7.6\Editor\VisualScripting.Core\Dependencies\DotNetZip\Unity.VisualScripting.IonicZip.dll
Native extension for WindowsStandalone target not found
Refreshing native plugins compatible for Editor in 0.86 ms, found 3 plugins.
Preloading 0 native plugins for Editor in 0.00 ms.
Mono: successfully reloaded assembly
- Completed reload, in  1.367 seconds
Domain Reload Profiling:
	ReloadAssembly (1368ms)
		BeginReloadAssembly (144ms)
			ExecutionOrderSort (0ms)
			DisableScriptedObjects (9ms)
			BackupInstance (0ms)
			ReleaseScriptingObjects (0ms)
			CreateAndSetChildDomain (33ms)
		EndReloadAssembly (1124ms)
			LoadAssemblies (77ms)
			RebuildTransferFunctionScriptingTraits (0ms)
			SetupTypeCache (318ms)
			ReleaseScriptCaches (1ms)
			RebuildScriptCaches (58ms)
			SetupLoadedEditorAssemblies (574ms)
				LogAssemblyErrors (0ms)
				InitializePlatformSupportModulesInManaged (16ms)
				SetLoadedEditorAssemblies (1ms)
				RefreshPlugins (1ms)
				BeforeProcessingInitializeOnLoad (89ms)
				ProcessInitializeOnLoadAttributes (419ms)
				ProcessInitializeOnLoadMethodAttributes (39ms)
				AfterProcessingInitializeOnLoad (9ms)
				EditorAssembliesLoaded (0ms)
			ExecutionOrderSort2 (0ms)
			AwakeInstancesAfterBackupRestoration (24ms)
Platform modules already initialized, skipping
Refreshing native plugins compatible for Editor in 0.84 ms, found 3 plugins.
Preloading 0 native plugins for Editor in 0.00 ms.
Unloading 3410 Unused Serialized files (Serialized files now loaded: 0)
Unloading 32 unused Assets / (1.5 MB). Loaded Objects now: 4030.
Memory consumption went from 148.4 MB to 146.8 MB.
Total: 4.895500 ms (FindLiveObjects: 0.358200 ms CreateObjectMapping: 0.262600 ms MarkObjects: 3.951700 ms  DeleteObjects: 0.321500 ms)

AssetImportParameters requested are different than current active one (requested -> active):
  custom:video-decoder-ogg-theora: a1e56fd34408186e4bbccfd4996cb3dc -> 
  custom:container-muxer-webm: aa71ff27fc2769a1b78a27578f13a17b -> 
  custom:container-demuxer-webm: 4f35f7cbe854078d1ac9338744f61a02 -> 
  custom:video-encoder-webm-vp8: eb34c28f22e8b96e1ab97ce403110664 -> 
  custom:video-codec-MediaFoundation-h265: 746d11721c4dcdbdad8f713fa42b33f4 -> 
  custom:audio-encoder-webm-vorbis: bf7c407c2cedff20999df2af8eb42d56 -> 
  custom:framework-win-MediaFoundation: 216162199b28c13a410421893ffa2e32 -> 
  custom:container-demuxer-ogg: 62fdf1f143b41e24485cea50d1cbac27 -> 
  custom:video-decoder-webm-vp8: 9c59270c3fd7afecdb556c50c9e8de78 -> 
  custom:audio-decoder-ogg-vorbis: bf7c407c2cedff20999df2af8eb42d56 -> 
========================================================================
Received Prepare
Registering precompiled user dll's ...
Registered in 0.007355 seconds.
Begin MonoManager ReloadAssembly
Symbol file LoadedFromMemory doesn't match image C:\Users\mhmdb\OneDrive\Desktop\CSC458\Project 1\CSC458_Project1\Project\Library\PackageCache\com.unity.visualscripting@1.7.6\Editor\VisualScripting.Core\Dependencies\YamlDotNet\Unity.VisualScripting.YamlDotNet.dll
Symbol file LoadedFromMemory doesn't match image C:\Users\mhmdb\OneDrive\Desktop\CSC458\Project 1\CSC458_Project1\Project\Library\PackageCache\com.unity.visualscripting@1.7.6\Editor\VisualScripting.Core\Dependencies\DotNetZip\Unity.VisualScripting.IonicZip.dll
Native extension for WindowsStandalone target not found
Refreshing native plugins compatible for Editor in 1.00 ms, found 3 plugins.
Preloading 0 native plugins for Editor in 0.00 ms.
Mono: successfully reloaded assembly
- Completed reload, in  1.636 seconds
Domain Reload Profiling:
	ReloadAssembly (1637ms)
		BeginReloadAssembly (165ms)
			ExecutionOrderSort (0ms)
			DisableScriptedObjects (7ms)
			BackupInstance (0ms)
			ReleaseScriptingObjects (0ms)
			CreateAndSetChildDomain (45ms)
		EndReloadAssembly (1345ms)
			LoadAssemblies (92ms)
			RebuildTransferFunctionScriptingTraits (0ms)
			SetupTypeCache (399ms)
			ReleaseScriptCaches (2ms)
			RebuildScriptCaches (78ms)
			SetupLoadedEditorAssemblies (656ms)
				LogAssemblyErrors (0ms)
				InitializePlatformSupportModulesInManaged (22ms)
				SetLoadedEditorAssemblies (1ms)
				RefreshPlugins (1ms)
				BeforeProcessingInitializeOnLoad (104ms)
				ProcessInitializeOnLoadAttributes (475ms)
				ProcessInitializeOnLoadMethodAttributes (41ms)
				AfterProcessingInitializeOnLoad (11ms)
				EditorAssembliesLoaded (0ms)
			ExecutionOrderSort2 (0ms)
			AwakeInstancesAfterBackupRestoration (21ms)
Platform modules already initialized, skipping
Refreshing native plugins compatible for Editor in 1.57 ms, found 3 plugins.
Preloading 0 native plugins for Editor in 0.00 ms.
Unloading 3410 Unused Serialized files (Serialized files now loaded: 0)
Unloading 32 unused Assets / (1.5 MB). Loaded Objects now: 4032.
Memory consumption went from 148.4 MB to 146.9 MB.
Total: 6.212500 ms (FindLiveObjects: 0.670800 ms CreateObjectMapping: 0.491000 ms MarkObjects: 4.540200 ms  DeleteObjects: 0.508800 ms)

AssetImportParameters requested are different than current active one (requested -> active):
  custom:video-decoder-ogg-theora: a1e56fd34408186e4bbccfd4996cb3dc -> 
  custom:container-muxer-webm: aa71ff27fc2769a1b78a27578f13a17b -> 
  custom:container-demuxer-webm: 4f35f7cbe854078d1ac9338744f61a02 -> 
  custom:video-encoder-webm-vp8: eb34c28f22e8b96e1ab97ce403110664 -> 
  custom:video-codec-MediaFoundation-h265: 746d11721c4dcdbdad8f713fa42b33f4 -> 
  custom:audio-encoder-webm-vorbis: bf7c407c2cedff20999df2af8eb42d56 -> 
  custom:framework-win-MediaFoundation: 216162199b28c13a410421893ffa2e32 -> 
  custom:container-demuxer-ogg: 62fdf1f143b41e24485cea50d1cbac27 -> 
  custom:video-decoder-webm-vp8: 9c59270c3fd7afecdb556c50c9e8de78 -> 
  custom:audio-decoder-ogg-vorbis: bf7c407c2cedff20999df2af8eb42d56 -> 
