Using pre-set license
Built from '2021.2/staging' branch; Version is '2021.2.8f1 (d0e5f0a7b06a) revision 13690352'; Using compiler version '192829333'; Build Type 'Release'
OS: 'Windows 11  (10.0.22000) 64bit Core' Language: 'en' Physical Memory: 16257 MB
BatchMode: 1, IsHumanControllingUs: 0, StartBugReporterOnCrash: 0, Is64bit: 1, IsPro: 0

COMMAND LINE ARGUMENTS:
C:\Program Files\Unity\Hub\Editor\2021.2.8f1\Editor\Unity.exe
-adb2
-batchMode
-noUpm
-name
AssetImportWorker3
-projectPath
C:/Users/mhmdb/OneDrive/Desktop/CSC458/Project 1/CSC458_Project1/Project
-logFile
Logs/AssetImportWorker3.log
-srvPort
64091
Successfully changed project path to: C:/Users/mhmdb/OneDrive/Desktop/CSC458/Project 1/CSC458_Project1/Project
C:/Users/mhmdb/OneDrive/Desktop/CSC458/Project 1/CSC458_Project1/Project
[UnityMemory] Configuration Parameters - Can be set up in boot.config
    "memorysetup-bucket-allocator-granularity=16"
    "memorysetup-bucket-allocator-bucket-count=8"
    "memorysetup-bucket-allocator-block-size=33554432"
    "memorysetup-bucket-allocator-block-count=8"
    "memorysetup-main-allocator-block-size=16777216"
    "memorysetup-thread-allocator-block-size=16777216"
    "memorysetup-gfx-main-allocator-block-size=16777216"
    "memorysetup-gfx-thread-allocator-block-size=16777216"
    "memorysetup-cache-allocator-block-size=4194304"
    "memorysetup-typetree-allocator-block-size=2097152"
    "memorysetup-profiler-bucket-allocator-granularity=16"
    "memorysetup-profiler-bucket-allocator-bucket-count=8"
    "memorysetup-profiler-bucket-allocator-block-size=33554432"
    "memorysetup-profiler-bucket-allocator-block-count=8"
    "memorysetup-profiler-allocator-block-size=16777216"
    "memorysetup-profiler-editor-allocator-block-size=1048576"
    "memorysetup-temp-allocator-size-main=16777216"
    "memorysetup-job-temp-allocator-block-size=2097152"
    "memorysetup-job-temp-allocator-block-size-background=1048576"
    "memorysetup-job-temp-allocator-reduction-small-platforms=262144"
    "memorysetup-temp-allocator-size-background-worker=32768"
    "memorysetup-temp-allocator-size-job-worker=262144"
    "memorysetup-temp-allocator-size-preload-manager=33554432"
    "memorysetup-temp-allocator-size-nav-mesh-worker=65536"
    "memorysetup-temp-allocator-size-audio-worker=65536"
    "memorysetup-temp-allocator-size-cloud-worker=32768"
    "memorysetup-temp-allocator-size-gi-baking-worker=262144"
    "memorysetup-temp-allocator-size-gfx=262144"
Refreshing native plugins compatible for Editor in 140.91 ms, found 3 plugins.
Preloading 0 native plugins for Editor in 0.00 ms.
Initialize engine version: 2021.2.8f1 (d0e5f0a7b06a)
[Subsystems] Discovering subsystems at path C:/Program Files/Unity/Hub/Editor/2021.2.8f1/Editor/Data/Resources/UnitySubsystems
[Subsystems] Discovering subsystems at path C:/Users/mhmdb/OneDrive/Desktop/CSC458/Project 1/CSC458_Project1/Project/Assets
GfxDevice: creating device client; threaded=0; jobified=0
Direct3D:
    Version:  Direct3D 11.0 [level 11.1]
    Renderer: NVIDIA GeForce GTX 1060 (ID=0x1c20)
    Vendor:   NVIDIA
    VRAM:     6052 MB
    Driver:   30.0.14.7111
Initialize mono
Mono path[0] = 'C:/Program Files/Unity/Hub/Editor/2021.2.8f1/Editor/Data/Managed'
Mono path[1] = 'C:/Program Files/Unity/Hub/Editor/2021.2.8f1/Editor/Data/MonoBleedingEdge/lib/mono/unityjit-win32'
Mono config path = 'C:/Program Files/Unity/Hub/Editor/2021.2.8f1/Editor/Data/MonoBleedingEdge/etc'
Using monoOptions --debugger-agent=transport=dt_socket,embedding=1,server=y,suspend=n,address=127.0.0.1:56724
Begin MonoManager ReloadAssembly
Registering precompiled unity dll's ...
Register platform support module: C:/Program Files/Unity/Hub/Editor/2021.2.8f1/Editor/Data/PlaybackEngines/WindowsStandaloneSupport/UnityEditor.WindowsStandalone.Extensions.dll
Registered in 0.004461 seconds.
Native extension for WindowsStandalone target not found
Refreshing native plugins compatible for Editor in 90.37 ms, found 3 plugins.
Preloading 0 native plugins for Editor in 0.00 ms.
Mono: successfully reloaded assembly
- Completed reload, in  0.800 seconds
Domain Reload Profiling:
	ReloadAssembly (801ms)
		BeginReloadAssembly (79ms)
			ExecutionOrderSort (0ms)
			DisableScriptedObjects (0ms)
			BackupInstance (0ms)
			ReleaseScriptingObjects (0ms)
			CreateAndSetChildDomain (1ms)
		EndReloadAssembly (637ms)
			LoadAssemblies (77ms)
			RebuildTransferFunctionScriptingTraits (0ms)
			SetupTypeCache (130ms)
			ReleaseScriptCaches (0ms)
			RebuildScriptCaches (39ms)
			SetupLoadedEditorAssemblies (405ms)
				LogAssemblyErrors (0ms)
				InitializePlatformSupportModulesInManaged (24ms)
				SetLoadedEditorAssemblies (0ms)
				RefreshPlugins (91ms)
				BeforeProcessingInitializeOnLoad (2ms)
				ProcessInitializeOnLoadAttributes (230ms)
				ProcessInitializeOnLoadMethodAttributes (58ms)
				AfterProcessingInitializeOnLoad (0ms)
				EditorAssembliesLoaded (0ms)
			ExecutionOrderSort2 (0ms)
			AwakeInstancesAfterBackupRestoration (0ms)
Platform modules already initialized, skipping
Registering precompiled user dll's ...
Registered in 0.006330 seconds.
Begin MonoManager ReloadAssembly
Symbol file LoadedFromMemory doesn't match image C:\Users\mhmdb\OneDrive\Desktop\CSC458\Project 1\CSC458_Project1\Project\Library\PackageCache\com.unity.visualscripting@1.7.6\Editor\VisualScripting.Core\Dependencies\YamlDotNet\Unity.VisualScripting.YamlDotNet.dll
Symbol file LoadedFromMemory doesn't match image C:\Users\mhmdb\OneDrive\Desktop\CSC458\Project 1\CSC458_Project1\Project\Library\PackageCache\com.unity.visualscripting@1.7.6\Editor\VisualScripting.Core\Dependencies\DotNetZip\Unity.VisualScripting.IonicZip.dll
Native extension for WindowsStandalone target not found
Refreshing native plugins compatible for Editor in 88.82 ms, found 3 plugins.
Preloading 0 native plugins for Editor in 0.00 ms.
Mono: successfully reloaded assembly
- Completed reload, in  1.429 seconds
Domain Reload Profiling:
	ReloadAssembly (1429ms)
		BeginReloadAssembly (123ms)
			ExecutionOrderSort (0ms)
			DisableScriptedObjects (6ms)
			BackupInstance (0ms)
			ReleaseScriptingObjects (0ms)
			CreateAndSetChildDomain (20ms)
		EndReloadAssembly (1199ms)
			LoadAssemblies (94ms)
			RebuildTransferFunctionScriptingTraits (0ms)
			SetupTypeCache (338ms)
			ReleaseScriptCaches (1ms)
			RebuildScriptCaches (95ms)
			SetupLoadedEditorAssemblies (578ms)
				LogAssemblyErrors (0ms)
				InitializePlatformSupportModulesInManaged (12ms)
				SetLoadedEditorAssemblies (0ms)
				RefreshPlugins (89ms)
				BeforeProcessingInitializeOnLoad (88ms)
				ProcessInitializeOnLoadAttributes (359ms)
				ProcessInitializeOnLoadMethodAttributes (23ms)
				AfterProcessingInitializeOnLoad (7ms)
				EditorAssembliesLoaded (0ms)
			ExecutionOrderSort2 (0ms)
			AwakeInstancesAfterBackupRestoration (8ms)
Platform modules already initialized, skipping
========================================================================
Worker process is ready to serve import requests
Launched and connected shader compiler UnityShaderCompiler.exe after 0.08 seconds
Refreshing native plugins compatible for Editor in 0.67 ms, found 3 plugins.
Preloading 0 native plugins for Editor in 0.00 ms.
Unloading 3464 Unused Serialized files (Serialized files now loaded: 0)
Unloading 46 unused Assets / (1.5 MB). Loaded Objects now: 3947.
Memory consumption went from 144.9 MB to 143.4 MB.
Total: 5.283100 ms (FindLiveObjects: 0.523800 ms CreateObjectMapping: 0.635000 ms MarkObjects: 3.330800 ms  DeleteObjects: 0.791100 ms)

AssetImportParameters requested are different than current active one (requested -> active):
  custom:video-decoder-ogg-theora: a1e56fd34408186e4bbccfd4996cb3dc -> 
  custom:container-muxer-webm: aa71ff27fc2769a1b78a27578f13a17b -> 
  custom:container-demuxer-webm: 4f35f7cbe854078d1ac9338744f61a02 -> 
  custom:video-encoder-webm-vp8: eb34c28f22e8b96e1ab97ce403110664 -> 
  custom:video-codec-MediaFoundation-h265: 746d11721c4dcdbdad8f713fa42b33f4 -> 
  custom:audio-encoder-webm-vorbis: bf7c407c2cedff20999df2af8eb42d56 -> 
  custom:framework-win-MediaFoundation: 216162199b28c13a410421893ffa2e32 -> 
  custom:container-demuxer-ogg: 62fdf1f143b41e24485cea50d1cbac27 -> 
  custom:video-decoder-webm-vp8: 9c59270c3fd7afecdb556c50c9e8de78 -> 
  custom:audio-decoder-ogg-vorbis: bf7c407c2cedff20999df2af8eb42d56 -> 
========================================================================
Received Prepare
Registering precompiled user dll's ...
Registered in 0.009293 seconds.
Begin MonoManager ReloadAssembly
Symbol file LoadedFromMemory doesn't match image C:\Users\mhmdb\OneDrive\Desktop\CSC458\Project 1\CSC458_Project1\Project\Library\PackageCache\com.unity.visualscripting@1.7.6\Editor\VisualScripting.Core\Dependencies\YamlDotNet\Unity.VisualScripting.YamlDotNet.dll
Symbol file LoadedFromMemory doesn't match image C:\Users\mhmdb\OneDrive\Desktop\CSC458\Project 1\CSC458_Project1\Project\Library\PackageCache\com.unity.visualscripting@1.7.6\Editor\VisualScripting.Core\Dependencies\DotNetZip\Unity.VisualScripting.IonicZip.dll
Native extension for WindowsStandalone target not found
Refreshing native plugins compatible for Editor in 0.99 ms, found 3 plugins.
Preloading 0 native plugins for Editor in 0.00 ms.
Mono: successfully reloaded assembly
- Completed reload, in  1.513 seconds
Domain Reload Profiling:
	ReloadAssembly (1514ms)
		BeginReloadAssembly (213ms)
			ExecutionOrderSort (0ms)
			DisableScriptedObjects (7ms)
			BackupInstance (0ms)
			ReleaseScriptingObjects (0ms)
			CreateAndSetChildDomain (57ms)
		EndReloadAssembly (1173ms)
			LoadAssemblies (118ms)
			RebuildTransferFunctionScriptingTraits (0ms)
			SetupTypeCache (444ms)
			ReleaseScriptCaches (1ms)
			RebuildScriptCaches (67ms)
			SetupLoadedEditorAssemblies (503ms)
				LogAssemblyErrors (0ms)
				InitializePlatformSupportModulesInManaged (15ms)
				SetLoadedEditorAssemblies (1ms)
				RefreshPlugins (1ms)
				BeforeProcessingInitializeOnLoad (83ms)
				ProcessInitializeOnLoadAttributes (370ms)
				ProcessInitializeOnLoadMethodAttributes (27ms)
				AfterProcessingInitializeOnLoad (6ms)
				EditorAssembliesLoaded (0ms)
			ExecutionOrderSort2 (0ms)
			AwakeInstancesAfterBackupRestoration (10ms)
Platform modules already initialized, skipping
Refreshing native plugins compatible for Editor in 1.52 ms, found 3 plugins.
Preloading 0 native plugins for Editor in 0.00 ms.
Unloading 3407 Unused Serialized files (Serialized files now loaded: 0)
Unloading 33 unused Assets / (1.5 MB). Loaded Objects now: 3947.
Memory consumption went from 139.8 MB to 138.3 MB.
Total: 5.932300 ms (FindLiveObjects: 0.488200 ms CreateObjectMapping: 0.339900 ms MarkObjects: 4.671600 ms  DeleteObjects: 0.431300 ms)

AssetImportParameters requested are different than current active one (requested -> active):
  custom:video-decoder-ogg-theora: a1e56fd34408186e4bbccfd4996cb3dc -> 
  custom:container-muxer-webm: aa71ff27fc2769a1b78a27578f13a17b -> 
  custom:container-demuxer-webm: 4f35f7cbe854078d1ac9338744f61a02 -> 
  custom:video-encoder-webm-vp8: eb34c28f22e8b96e1ab97ce403110664 -> 
  custom:video-codec-MediaFoundation-h265: 746d11721c4dcdbdad8f713fa42b33f4 -> 
  custom:audio-encoder-webm-vorbis: bf7c407c2cedff20999df2af8eb42d56 -> 
  custom:framework-win-MediaFoundation: 216162199b28c13a410421893ffa2e32 -> 
  custom:container-demuxer-ogg: 62fdf1f143b41e24485cea50d1cbac27 -> 
  custom:video-decoder-webm-vp8: 9c59270c3fd7afecdb556c50c9e8de78 -> 
  custom:audio-decoder-ogg-vorbis: bf7c407c2cedff20999df2af8eb42d56 -> 
========================================================================
Received Import Request.
  Time since last request: 772973.404002 seconds.
  path: Assets/Demo/Low poly package/Meshes/Fence 2.fbx
  artifactKey: Guid(0508ea79af439414aba735ea78e9c654) Importer(815301076,1909f56bfc062723c751e8b465ee728b)
Start importing Assets/Demo/Low poly package/Meshes/Fence 2.fbx using Guid(0508ea79af439414aba735ea78e9c654) Importer(815301076,1909f56bfc062723c751e8b465ee728b)  -> (artifact id: '4ad9155fa253b5155418fb184d608aa5') in 0.221134 seconds 
========================================================================
Received Import Request.
  Time since last request: 0.000026 seconds.
  path: Assets/Demo/Low poly package/Meshes/Tree 4.fbx
  artifactKey: Guid(780a5a83582857c4c91f685e71c2bd48) Importer(815301076,1909f56bfc062723c751e8b465ee728b)
Start importing Assets/Demo/Low poly package/Meshes/Tree 4.fbx using Guid(780a5a83582857c4c91f685e71c2bd48) Importer(815301076,1909f56bfc062723c751e8b465ee728b)  -> (artifact id: '4ef3aa496e1037dfa560532154a4969e') in 0.025817 seconds 
========================================================================
Received Import Request.
  Time since last request: 0.000029 seconds.
  path: Assets/Demo/Low poly package/Meshes/Terrain small.fbx
  artifactKey: Guid(318fadd2b1b0e5249ae9724f424afc96) Importer(815301076,1909f56bfc062723c751e8b465ee728b)
Start importing Assets/Demo/Low poly package/Meshes/Terrain small.fbx using Guid(318fadd2b1b0e5249ae9724f424afc96) Importer(815301076,1909f56bfc062723c751e8b465ee728b)  -> (artifact id: '8d4d02349a17090139eb7c021b1d1b98') in 0.026639 seconds 
========================================================================
Received Import Request.
  Time since last request: 0.000021 seconds.
  path: Assets/Demo/Low poly package/Meshes/Rail 3.fbx
  artifactKey: Guid(7d1c70cfe1c337140a342660171840ce) Importer(815301076,1909f56bfc062723c751e8b465ee728b)
Start importing Assets/Demo/Low poly package/Meshes/Rail 3.fbx using Guid(7d1c70cfe1c337140a342660171840ce) Importer(815301076,1909f56bfc062723c751e8b465ee728b)  -> (artifact id: 'fde10df2a7dfa0b35c070eff6abaf8b6') in 0.031893 seconds 
========================================================================
Received Import Request.
  Time since last request: 0.000029 seconds.
  path: Assets/Demo/Low poly package/Meshes/Fence 3.fbx
  artifactKey: Guid(8059e69270901ec409f50d1181c168b2) Importer(815301076,1909f56bfc062723c751e8b465ee728b)
Start importing Assets/Demo/Low poly package/Meshes/Fence 3.fbx using Guid(8059e69270901ec409f50d1181c168b2) Importer(815301076,1909f56bfc062723c751e8b465ee728b)  -> (artifact id: 'f517ff3cd661ce8c90b8ed94f50c4d93') in 0.024639 seconds 
========================================================================
Received Import Request.
  Time since last request: 0.000033 seconds.
  path: Assets/Demo/Low poly package/Meshes/Tree 2.fbx
  artifactKey: Guid(657960c0e330c92479c2ddf2c53eeaf9) Importer(815301076,1909f56bfc062723c751e8b465ee728b)
Start importing Assets/Demo/Low poly package/Meshes/Tree 2.fbx using Guid(657960c0e330c92479c2ddf2c53eeaf9) Importer(815301076,1909f56bfc062723c751e8b465ee728b)  -> (artifact id: '19f2146073e490fb11326bf6ea342508') in 0.023330 seconds 
========================================================================
Received Import Request.
  Time since last request: 0.000046 seconds.
  path: Assets/Demo/Low poly package/Meshes/Mushroom 3.fbx
  artifactKey: Guid(9a5063dbe73618c4e9e0463f876d934a) Importer(815301076,1909f56bfc062723c751e8b465ee728b)
Start importing Assets/Demo/Low poly package/Meshes/Mushroom 3.fbx using Guid(9a5063dbe73618c4e9e0463f876d934a) Importer(815301076,1909f56bfc062723c751e8b465ee728b)  -> (artifact id: '834678c25a2232c10139af23d5a8eb95') in 0.028250 seconds 
========================================================================
Received Import Request.
  Time since last request: 0.000021 seconds.
  path: Assets/Demo/Low poly package/Meshes/Mushroom 5.fbx
  artifactKey: Guid(80056ca244dbfc44989c7654cc9cccf2) Importer(815301076,1909f56bfc062723c751e8b465ee728b)
Start importing Assets/Demo/Low poly package/Meshes/Mushroom 5.fbx using Guid(80056ca244dbfc44989c7654cc9cccf2) Importer(815301076,1909f56bfc062723c751e8b465ee728b)  -> (artifact id: 'b1af88b58f1709c68349f41c6a8f8079') in 0.026908 seconds 
========================================================================
Received Import Request.
  Time since last request: 0.000027 seconds.
  path: Assets/Demo/Low poly package/Meshes/House 1.fbx
  artifactKey: Guid(81d27301e43454f42bc305511e9a9a53) Importer(815301076,1909f56bfc062723c751e8b465ee728b)
Start importing Assets/Demo/Low poly package/Meshes/House 1.fbx using Guid(81d27301e43454f42bc305511e9a9a53) Importer(815301076,1909f56bfc062723c751e8b465ee728b)  -> (artifact id: '4cfbc175019669c991dcd605e5e69afa') in 0.028237 seconds 
========================================================================
Received Import Request.
  Time since last request: 0.000034 seconds.
  path: Assets/Demo/Low poly package/Meshes/Grass 2.fbx
  artifactKey: Guid(11bf877df161f8847b88bfd1340198ea) Importer(815301076,1909f56bfc062723c751e8b465ee728b)
Start importing Assets/Demo/Low poly package/Meshes/Grass 2.fbx using Guid(11bf877df161f8847b88bfd1340198ea) Importer(815301076,1909f56bfc062723c751e8b465ee728b)  -> (artifact id: '37d9d1adfccc8b8aa94893914480cbd9') in 0.026130 seconds 
========================================================================
Received Import Request.
  Time since last request: 0.000030 seconds.
  path: Assets/Demo/Low poly package/Meshes/Rock 4.fbx
  artifactKey: Guid(aad9880b53e4f50498f65c3948124b84) Importer(815301076,1909f56bfc062723c751e8b465ee728b)
Start importing Assets/Demo/Low poly package/Meshes/Rock 4.fbx using Guid(aad9880b53e4f50498f65c3948124b84) Importer(815301076,1909f56bfc062723c751e8b465ee728b)  -> (artifact id: 'aea60e2f33b190a7d0fed626066e2069') in 0.027406 seconds 
========================================================================
Received Import Request.
  Time since last request: 0.000024 seconds.
  path: Assets/Demo/Low poly package/Meshes/Mushroom 4.fbx
  artifactKey: Guid(8d53b3e00ff835543a974de8f9191167) Importer(815301076,1909f56bfc062723c751e8b465ee728b)
Start importing Assets/Demo/Low poly package/Meshes/Mushroom 4.fbx using Guid(8d53b3e00ff835543a974de8f9191167) Importer(815301076,1909f56bfc062723c751e8b465ee728b)  -> (artifact id: 'eb78ef910c61e4edd06714aeae597bfb') in 0.028055 seconds 
========================================================================
Received Import Request.
  Time since last request: 0.000030 seconds.
  path: Assets/Demo/Low poly package/Meshes/House 3.fbx
  artifactKey: Guid(6a21015291578de46abe286208425c6a) Importer(815301076,1909f56bfc062723c751e8b465ee728b)
Start importing Assets/Demo/Low poly package/Meshes/House 3.fbx using Guid(6a21015291578de46abe286208425c6a) Importer(815301076,1909f56bfc062723c751e8b465ee728b)  -> (artifact id: '19ac4a47ffda2e2026ef912103449ca1') in 0.034135 seconds 
========================================================================
Received Import Request.
  Time since last request: 0.000021 seconds.
  path: Assets/Demo/Low poly package/Meshes/Tulip2.fbx
  artifactKey: Guid(ce83659e5344d2946935ff306edcd042) Importer(815301076,1909f56bfc062723c751e8b465ee728b)
Start importing Assets/Demo/Low poly package/Meshes/Tulip2.fbx using Guid(ce83659e5344d2946935ff306edcd042) Importer(815301076,1909f56bfc062723c751e8b465ee728b)  -> (artifact id: '9d05f7c2cce89df2a0d75884fb04cf05') in 0.027232 seconds 
Editor requested this worker to shutdown with reason: Scaling down because of idle timeout
AssetImportWorker is now disconnected from the server
Process exiting
Exiting without the bug reporter. Application will terminate with return code 0