Using pre-set license
Built from '2021.2/staging' branch; Version is '2021.2.8f1 (d0e5f0a7b06a) revision 13690352'; Using compiler version '192829333'; Build Type 'Release'
OS: 'Windows 11  (10.0.22000) 64bit Core' Language: 'en' Physical Memory: 16257 MB
BatchMode: 1, IsHumanControllingUs: 0, StartBugReporterOnCrash: 0, Is64bit: 1, IsPro: 0

COMMAND LINE ARGUMENTS:
C:\Program Files\Unity\Hub\Editor\2021.2.8f1\Editor\Unity.exe
-adb2
-batchMode
-noUpm
-name
AssetImportWorker4
-projectPath
C:/Users/mhmdb/OneDrive/Desktop/CSC458/Project 1/CSC458_Project1/Project
-logFile
Logs/AssetImportWorker4.log
-srvPort
64091
Successfully changed project path to: C:/Users/mhmdb/OneDrive/Desktop/CSC458/Project 1/CSC458_Project1/Project
C:/Users/mhmdb/OneDrive/Desktop/CSC458/Project 1/CSC458_Project1/Project
[UnityMemory] Configuration Parameters - Can be set up in boot.config
    "memorysetup-bucket-allocator-granularity=16"
    "memorysetup-bucket-allocator-bucket-count=8"
    "memorysetup-bucket-allocator-block-size=33554432"
    "memorysetup-bucket-allocator-block-count=8"
    "memorysetup-main-allocator-block-size=16777216"
    "memorysetup-thread-allocator-block-size=16777216"
    "memorysetup-gfx-main-allocator-block-size=16777216"
    "memorysetup-gfx-thread-allocator-block-size=16777216"
    "memorysetup-cache-allocator-block-size=4194304"
    "memorysetup-typetree-allocator-block-size=2097152"
    "memorysetup-profiler-bucket-allocator-granularity=16"
    "memorysetup-profiler-bucket-allocator-bucket-count=8"
    "memorysetup-profiler-bucket-allocator-block-size=33554432"
    "memorysetup-profiler-bucket-allocator-block-count=8"
    "memorysetup-profiler-allocator-block-size=16777216"
    "memorysetup-profiler-editor-allocator-block-size=1048576"
    "memorysetup-temp-allocator-size-main=16777216"
    "memorysetup-job-temp-allocator-block-size=2097152"
    "memorysetup-job-temp-allocator-block-size-background=1048576"
    "memorysetup-job-temp-allocator-reduction-small-platforms=262144"
    "memorysetup-temp-allocator-size-background-worker=32768"
    "memorysetup-temp-allocator-size-job-worker=262144"
    "memorysetup-temp-allocator-size-preload-manager=33554432"
    "memorysetup-temp-allocator-size-nav-mesh-worker=65536"
    "memorysetup-temp-allocator-size-audio-worker=65536"
    "memorysetup-temp-allocator-size-cloud-worker=32768"
    "memorysetup-temp-allocator-size-gi-baking-worker=262144"
    "memorysetup-temp-allocator-size-gfx=262144"
Refreshing native plugins compatible for Editor in 98.00 ms, found 3 plugins.
Preloading 0 native plugins for Editor in 0.00 ms.
Initialize engine version: 2021.2.8f1 (d0e5f0a7b06a)
[Subsystems] Discovering subsystems at path C:/Program Files/Unity/Hub/Editor/2021.2.8f1/Editor/Data/Resources/UnitySubsystems
[Subsystems] Discovering subsystems at path C:/Users/mhmdb/OneDrive/Desktop/CSC458/Project 1/CSC458_Project1/Project/Assets
GfxDevice: creating device client; threaded=0; jobified=0
Direct3D:
    Version:  Direct3D 11.0 [level 11.1]
    Renderer: NVIDIA GeForce GTX 1060 (ID=0x1c20)
    Vendor:   NVIDIA
    VRAM:     6052 MB
    Driver:   30.0.14.7111
Initialize mono
Mono path[0] = 'C:/Program Files/Unity/Hub/Editor/2021.2.8f1/Editor/Data/Managed'
Mono path[1] = 'C:/Program Files/Unity/Hub/Editor/2021.2.8f1/Editor/Data/MonoBleedingEdge/lib/mono/unityjit-win32'
Mono config path = 'C:/Program Files/Unity/Hub/Editor/2021.2.8f1/Editor/Data/MonoBleedingEdge/etc'
Using monoOptions --debugger-agent=transport=dt_socket,embedding=1,server=y,suspend=n,address=127.0.0.1:56032
Begin MonoManager ReloadAssembly
Registering precompiled unity dll's ...
Register platform support module: C:/Program Files/Unity/Hub/Editor/2021.2.8f1/Editor/Data/PlaybackEngines/WindowsStandaloneSupport/UnityEditor.WindowsStandalone.Extensions.dll
Registered in 0.004923 seconds.
Native extension for WindowsStandalone target not found
Refreshing native plugins compatible for Editor in 107.03 ms, found 3 plugins.
Preloading 0 native plugins for Editor in 0.00 ms.
Mono: successfully reloaded assembly
- Completed reload, in  0.859 seconds
Domain Reload Profiling:
	ReloadAssembly (859ms)
		BeginReloadAssembly (86ms)
			ExecutionOrderSort (0ms)
			DisableScriptedObjects (0ms)
			BackupInstance (0ms)
			ReleaseScriptingObjects (0ms)
			CreateAndSetChildDomain (1ms)
		EndReloadAssembly (684ms)
			LoadAssemblies (84ms)
			RebuildTransferFunctionScriptingTraits (0ms)
			SetupTypeCache (145ms)
			ReleaseScriptCaches (0ms)
			RebuildScriptCaches (40ms)
			SetupLoadedEditorAssemblies (433ms)
				LogAssemblyErrors (0ms)
				InitializePlatformSupportModulesInManaged (18ms)
				SetLoadedEditorAssemblies (0ms)
				RefreshPlugins (107ms)
				BeforeProcessingInitializeOnLoad (2ms)
				ProcessInitializeOnLoadAttributes (248ms)
				ProcessInitializeOnLoadMethodAttributes (58ms)
				AfterProcessingInitializeOnLoad (0ms)
				EditorAssembliesLoaded (0ms)
			ExecutionOrderSort2 (0ms)
			AwakeInstancesAfterBackupRestoration (0ms)
Platform modules already initialized, skipping
Registering precompiled user dll's ...
Registered in 0.006032 seconds.
Begin MonoManager ReloadAssembly
Symbol file LoadedFromMemory doesn't match image C:\Users\mhmdb\OneDrive\Desktop\CSC458\Project 1\CSC458_Project1\Project\Library\PackageCache\com.unity.visualscripting@1.7.6\Editor\VisualScripting.Core\Dependencies\YamlDotNet\Unity.VisualScripting.YamlDotNet.dll
Symbol file LoadedFromMemory doesn't match image C:\Users\mhmdb\OneDrive\Desktop\CSC458\Project 1\CSC458_Project1\Project\Library\PackageCache\com.unity.visualscripting@1.7.6\Editor\VisualScripting.Core\Dependencies\DotNetZip\Unity.VisualScripting.IonicZip.dll
Native extension for WindowsStandalone target not found
Refreshing native plugins compatible for Editor in 81.22 ms, found 3 plugins.
Preloading 0 native plugins for Editor in 0.00 ms.
Mono: successfully reloaded assembly
- Completed reload, in  1.308 seconds
Domain Reload Profiling:
	ReloadAssembly (1309ms)
		BeginReloadAssembly (118ms)
			ExecutionOrderSort (0ms)
			DisableScriptedObjects (6ms)
			BackupInstance (0ms)
			ReleaseScriptingObjects (0ms)
			CreateAndSetChildDomain (21ms)
		EndReloadAssembly (1084ms)
			LoadAssemblies (79ms)
			RebuildTransferFunctionScriptingTraits (0ms)
			SetupTypeCache (309ms)
			ReleaseScriptCaches (1ms)
			RebuildScriptCaches (63ms)
			SetupLoadedEditorAssemblies (567ms)
				LogAssemblyErrors (0ms)
				InitializePlatformSupportModulesInManaged (14ms)
				SetLoadedEditorAssemblies (0ms)
				RefreshPlugins (81ms)
				BeforeProcessingInitializeOnLoad (87ms)
				ProcessInitializeOnLoadAttributes (355ms)
				ProcessInitializeOnLoadMethodAttributes (23ms)
				AfterProcessingInitializeOnLoad (7ms)
				EditorAssembliesLoaded (0ms)
			ExecutionOrderSort2 (0ms)
			AwakeInstancesAfterBackupRestoration (8ms)
Platform modules already initialized, skipping
========================================================================
Worker process is ready to serve import requests
Launched and connected shader compiler UnityShaderCompiler.exe after 0.10 seconds
Refreshing native plugins compatible for Editor in 0.60 ms, found 3 plugins.
Preloading 0 native plugins for Editor in 0.00 ms.
Unloading 3462 Unused Serialized files (Serialized files now loaded: 0)
Unloading 46 unused Assets / (1.5 MB). Loaded Objects now: 3945.
Memory consumption went from 144.8 MB to 143.3 MB.
Total: 4.014400 ms (FindLiveObjects: 0.450000 ms CreateObjectMapping: 0.230500 ms MarkObjects: 3.040600 ms  DeleteObjects: 0.292000 ms)

AssetImportParameters requested are different than current active one (requested -> active):
  custom:video-decoder-ogg-theora: a1e56fd34408186e4bbccfd4996cb3dc -> 
  custom:container-muxer-webm: aa71ff27fc2769a1b78a27578f13a17b -> 
  custom:container-demuxer-webm: 4f35f7cbe854078d1ac9338744f61a02 -> 
  custom:video-encoder-webm-vp8: eb34c28f22e8b96e1ab97ce403110664 -> 
  custom:video-codec-MediaFoundation-h265: 746d11721c4dcdbdad8f713fa42b33f4 -> 
  custom:audio-encoder-webm-vorbis: bf7c407c2cedff20999df2af8eb42d56 -> 
  custom:framework-win-MediaFoundation: 216162199b28c13a410421893ffa2e32 -> 
  custom:container-demuxer-ogg: 62fdf1f143b41e24485cea50d1cbac27 -> 
  custom:video-decoder-webm-vp8: 9c59270c3fd7afecdb556c50c9e8de78 -> 
  custom:audio-decoder-ogg-vorbis: bf7c407c2cedff20999df2af8eb42d56 -> 
========================================================================
Received Import Request.
  Time since last request: 773114.128395 seconds.
  path: Assets/Asset Packs/Terrain Textures
  artifactKey: Guid(5fe41800a7e65ff41af05aae259ddbf3) Importer(815301076,1909f56bfc062723c751e8b465ee728b)
Start importing Assets/Asset Packs/Terrain Textures using Guid(5fe41800a7e65ff41af05aae259ddbf3) Importer(815301076,1909f56bfc062723c751e8b465ee728b)  -> (artifact id: '60b1ada136a41b471d2c5105d003b7dd') in 0.018937 seconds 
========================================================================
Received Import Request.
  Time since last request: 0.044533 seconds.
  path: Assets/Asset Packs/Terrain Textures/TT_Brown Dirt.BMP
  artifactKey: Guid(3c31f7cb4de039848a73c7f61c59707f) Importer(815301076,1909f56bfc062723c751e8b465ee728b)
Start importing Assets/Asset Packs/Terrain Textures/TT_Brown Dirt.BMP using Guid(3c31f7cb4de039848a73c7f61c59707f) Importer(815301076,1909f56bfc062723c751e8b465ee728b)  -> (artifact id: '8350490665c588306472e60be3ce3ecb') in 0.139834 seconds 
========================================================================
Received Import Request.
  Time since last request: 93.303664 seconds.
  path: Assets/Materials/bloodColor 1.mat
  artifactKey: Guid(a20942e81d0fbc640827d53010889c5c) Importer(815301076,1909f56bfc062723c751e8b465ee728b)
Start importing Assets/Materials/bloodColor 1.mat using Guid(a20942e81d0fbc640827d53010889c5c) Importer(815301076,1909f56bfc062723c751e8b465ee728b)  -> (artifact id: '6c8c8f95dcb917597c7bd1a2a0f7e1ff') in 0.153403 seconds 
========================================================================
Received Import Request.
  Time since last request: 8.905803 seconds.
  path: Assets/Model_Animations_Textures/ironSight_addon/Iron Sight_Low.obj
  artifactKey: Guid(80186bec0c85545af8940e55ba620749) Importer(815301076,1909f56bfc062723c751e8b465ee728b)
Start importing Assets/Model_Animations_Textures/ironSight_addon/Iron Sight_Low.obj using Guid(80186bec0c85545af8940e55ba620749) Importer(815301076,1909f56bfc062723c751e8b465ee728b)  -> (artifact id: 'de248a3160721967ad1610fc09e76904') in 0.122156 seconds 
========================================================================
Received Import Request.
  Time since last request: 0.000056 seconds.
  path: Assets/Model_Animations_Textures/ironSight_addon
  artifactKey: Guid(f68ee829c30574b7584cdbe75b66450b) Importer(815301076,1909f56bfc062723c751e8b465ee728b)
Start importing Assets/Model_Animations_Textures/ironSight_addon using Guid(f68ee829c30574b7584cdbe75b66450b) Importer(815301076,1909f56bfc062723c751e8b465ee728b)  -> (artifact id: '596af97ab2c04fccceb2413c3e0813d2') in 0.009399 seconds 
========================================================================
Received Import Request.
  Time since last request: 0.000082 seconds.
  path: Assets/Model_Animations_Textures/ironSight_addon/None_Metallic.bmp
  artifactKey: Guid(1b5471d3b33c94952a405f3d2931886f) Importer(815301076,1909f56bfc062723c751e8b465ee728b)
Start importing Assets/Model_Animations_Textures/ironSight_addon/None_Metallic.bmp using Guid(1b5471d3b33c94952a405f3d2931886f) Importer(815301076,1909f56bfc062723c751e8b465ee728b)  -> (artifact id: 'f17581880f5ec024e383d34b4fb8a368') in 0.032480 seconds 
========================================================================
Received Import Request.
  Time since last request: 11.336670 seconds.
  path: Assets/Park Assets/Prefab
  artifactKey: Guid(e5e86cc114eede54587044f245f605e0) Importer(815301076,1909f56bfc062723c751e8b465ee728b)
Start importing Assets/Park Assets/Prefab using Guid(e5e86cc114eede54587044f245f605e0) Importer(815301076,1909f56bfc062723c751e8b465ee728b)  -> (artifact id: 'acad03717d54e3c2fce548e464f31681') in 0.008630 seconds 
========================================================================
Received Import Request.
  Time since last request: 0.092103 seconds.
  path: Assets/Park Assets/Prefab/Bench.prefab
  artifactKey: Guid(ed1dfd226a8bf2f418f812b254707036) Importer(815301076,1909f56bfc062723c751e8b465ee728b)
Start importing Assets/Park Assets/Prefab/Bench.prefab using Guid(ed1dfd226a8bf2f418f812b254707036) Importer(815301076,1909f56bfc062723c751e8b465ee728b)  -> (artifact id: 'c189bc5e4d92765dd2a026d762a03b10') in 0.024278 seconds 
========================================================================
Received Import Request.
  Time since last request: 0.000034 seconds.
  path: Assets/Park Assets/Prefab/Flower_1.prefab
  artifactKey: Guid(8d371c1d43d56e94b93bffa2f926a5f1) Importer(815301076,1909f56bfc062723c751e8b465ee728b)
Start importing Assets/Park Assets/Prefab/Flower_1.prefab using Guid(8d371c1d43d56e94b93bffa2f926a5f1) Importer(815301076,1909f56bfc062723c751e8b465ee728b)  -> (artifact id: '92728dbefac8bb482c0d67435bf2db72') in 0.039518 seconds 
========================================================================
Received Import Request.
  Time since last request: 0.000039 seconds.
  path: Assets/Park Assets/Prefab/Hill_01.prefab
  artifactKey: Guid(620dfba8ed3cda6499892978b040ee38) Importer(815301076,1909f56bfc062723c751e8b465ee728b)
Start importing Assets/Park Assets/Prefab/Hill_01.prefab using Guid(620dfba8ed3cda6499892978b040ee38) Importer(815301076,1909f56bfc062723c751e8b465ee728b)  -> (artifact id: 'cf0c821f36a66dda0807fb0b90281cae') in 0.025020 seconds 
========================================================================
Received Import Request.
  Time since last request: 0.000064 seconds.
  path: Assets/Park Assets/Prefab/Grass_01.prefab
  artifactKey: Guid(b5ce2da01dc06ad42b537d328b606c13) Importer(815301076,1909f56bfc062723c751e8b465ee728b)
Start importing Assets/Park Assets/Prefab/Grass_01.prefab using Guid(b5ce2da01dc06ad42b537d328b606c13) Importer(815301076,1909f56bfc062723c751e8b465ee728b)  -> (artifact id: '818b41a078257d95f82f2574e8ff52ff') in 0.044268 seconds 
========================================================================
Received Import Request.
  Time since last request: 0.000031 seconds.
  path: Assets/Park Assets/Prefab/Tree2.prefab
  artifactKey: Guid(cf28a4dd9a1a5b948a40dd44a4392f11) Importer(815301076,1909f56bfc062723c751e8b465ee728b)
Start importing Assets/Park Assets/Prefab/Tree2.prefab using Guid(cf28a4dd9a1a5b948a40dd44a4392f11) Importer(815301076,1909f56bfc062723c751e8b465ee728b)  -> (artifact id: '67e9bf59ae6f71751b4b4079ca64be89') in 0.026579 seconds 
========================================================================
Received Import Request.
  Time since last request: 0.000022 seconds.
  path: Assets/Park Assets/Prefab/Stone_Path_TPart.prefab
  artifactKey: Guid(c5781e87846ceb645852c2040bdb020b) Importer(815301076,1909f56bfc062723c751e8b465ee728b)
Start importing Assets/Park Assets/Prefab/Stone_Path_TPart.prefab using Guid(c5781e87846ceb645852c2040bdb020b) Importer(815301076,1909f56bfc062723c751e8b465ee728b)  -> (artifact id: '4b094f58c60fff9b0b132414331d1b0c') in 0.025082 seconds 
========================================================================
Received Import Request.
  Time since last request: 0.000029 seconds.
  path: Assets/Park Assets/Prefab/Stone_Path_EdgePiece.prefab
  artifactKey: Guid(c6e854f638107994fb7fcaf03c48c38e) Importer(815301076,1909f56bfc062723c751e8b465ee728b)
Start importing Assets/Park Assets/Prefab/Stone_Path_EdgePiece.prefab using Guid(c6e854f638107994fb7fcaf03c48c38e) Importer(815301076,1909f56bfc062723c751e8b465ee728b)  -> (artifact id: 'ae85609212962acd16f8502f6255b42f') in 0.023773 seconds 
========================================================================
Received Import Request.
  Time since last request: 8.647610 seconds.
  path: Assets/Prefabs 1/bloodEffectParticlePrefab_melee.prefab
  artifactKey: Guid(ffbf169ab9dcfdc45ae14010bc82a6b2) Importer(815301076,1909f56bfc062723c751e8b465ee728b)
Start importing Assets/Prefabs 1/bloodEffectParticlePrefab_melee.prefab using Guid(ffbf169ab9dcfdc45ae14010bc82a6b2) Importer(815301076,1909f56bfc062723c751e8b465ee728b)  -> (artifact id: '0cec3ea73b29f3919ef3032846f97797') in 0.022680 seconds 
========================================================================
Received Import Request.
  Time since last request: 0.000029 seconds.
  path: Assets/Prefabs 1/Player.prefab
  artifactKey: Guid(c391f12a928274acab8576bb6030641d) Importer(815301076,1909f56bfc062723c751e8b465ee728b)
Start importing Assets/Prefabs 1/Player.prefab using Guid(c391f12a928274acab8576bb6030641d) Importer(815301076,1909f56bfc062723c751e8b465ee728b) Tried select unknown importer for id '-2' '00000000000000000000000000000000'
 -> (artifact id: '4a58558a9a10ce3571300054427054bc') in 0.113922 seconds 
========================================================================
Received Import Request.
  Time since last request: 10.064537 seconds.
  path: Assets/SimpleNaturePack/Prefabs
  artifactKey: Guid(245080b10b3a2d542a041d0b8f4fe0dc) Importer(815301076,1909f56bfc062723c751e8b465ee728b)
Start importing Assets/SimpleNaturePack/Prefabs using Guid(245080b10b3a2d542a041d0b8f4fe0dc) Importer(815301076,1909f56bfc062723c751e8b465ee728b)  -> (artifact id: 'b82a9189c9e7c2dc4c563c2e819a63fe') in 0.003319 seconds 
========================================================================
Received Import Request.
  Time since last request: 0.071069 seconds.
  path: Assets/SimpleNaturePack/Prefabs/Branch_01.prefab
  artifactKey: Guid(b9de24523a11d714db3851b5f0f9d527) Importer(815301076,1909f56bfc062723c751e8b465ee728b)
Start importing Assets/SimpleNaturePack/Prefabs/Branch_01.prefab using Guid(b9de24523a11d714db3851b5f0f9d527) Importer(815301076,1909f56bfc062723c751e8b465ee728b)  -> (artifact id: 'b40662a5f05b9b6c18b140144d6bd876') in 0.035035 seconds 
========================================================================
Received Import Request.
  Time since last request: 0.000024 seconds.
  path: Assets/SimpleNaturePack/Prefabs/Grass_01.prefab
  artifactKey: Guid(f1fc5bb90ac285e4486771552d63bcb8) Importer(815301076,1909f56bfc062723c751e8b465ee728b)
Start importing Assets/SimpleNaturePack/Prefabs/Grass_01.prefab using Guid(f1fc5bb90ac285e4486771552d63bcb8) Importer(815301076,1909f56bfc062723c751e8b465ee728b)  -> (artifact id: 'e525d236433d8e6d4d9a47571640d1a9') in 0.022586 seconds 
========================================================================
Received Import Request.
  Time since last request: 0.000037 seconds.
  path: Assets/SimpleNaturePack/Prefabs/Rock_04.prefab
  artifactKey: Guid(f02116c209ecd9e488fc4d2cd8996133) Importer(815301076,1909f56bfc062723c751e8b465ee728b)
Start importing Assets/SimpleNaturePack/Prefabs/Rock_04.prefab using Guid(f02116c209ecd9e488fc4d2cd8996133) Importer(815301076,1909f56bfc062723c751e8b465ee728b)  -> (artifact id: 'e577aca16ddf2a74264cd18c924f0796') in 0.027415 seconds 
========================================================================
Received Import Request.
  Time since last request: 0.000049 seconds.
  path: Assets/SimpleNaturePack/Prefabs/Ground_03.prefab
  artifactKey: Guid(3f9b178ccd3b86f4ebbfc1f5a2815e56) Importer(815301076,1909f56bfc062723c751e8b465ee728b)
Start importing Assets/SimpleNaturePack/Prefabs/Ground_03.prefab using Guid(3f9b178ccd3b86f4ebbfc1f5a2815e56) Importer(815301076,1909f56bfc062723c751e8b465ee728b)  -> (artifact id: 'b9bce2b23a8475b29fa9185bfbd0d345') in 0.030662 seconds 
========================================================================
Received Import Request.
  Time since last request: 0.000023 seconds.
  path: Assets/SimpleNaturePack/Prefabs/Grass_02.prefab
  artifactKey: Guid(ffbddc4ef9676cc419e81e06aaa836d8) Importer(815301076,1909f56bfc062723c751e8b465ee728b)
Start importing Assets/SimpleNaturePack/Prefabs/Grass_02.prefab using Guid(ffbddc4ef9676cc419e81e06aaa836d8) Importer(815301076,1909f56bfc062723c751e8b465ee728b)  -> (artifact id: 'c2138a2e1bc13c7956551d153ad4867f') in 0.025133 seconds 
========================================================================
Received Import Request.
  Time since last request: 0.000053 seconds.
  path: Assets/SimpleNaturePack/Prefabs/Rock_01.prefab
  artifactKey: Guid(c6308cb7062fac34e8e50600086b12a1) Importer(815301076,1909f56bfc062723c751e8b465ee728b)
Start importing Assets/SimpleNaturePack/Prefabs/Rock_01.prefab using Guid(c6308cb7062fac34e8e50600086b12a1) Importer(815301076,1909f56bfc062723c751e8b465ee728b)  -> (artifact id: 'dbe42e6334fdc0346973397405d748c0') in 0.024374 seconds 
Editor requested this worker to shutdown with reason: Scaling down because of idle timeout
AssetImportWorker is now disconnected from the server
Process exiting
Exiting without the bug reporter. Application will terminate with return code 0